Start testing: Jun 30 01:09 CST
----------------------------------------------------------
1/81 Testing: Parity.InOrderRandomOpsWithPeriodicCompare
1/81 Test: Parity.InOrderRandomOpsWithPeriodicCompare
Command: "/cjdata/cpp/crowkv/crowtree/build-tsan/crowtree_tests" "--gtest_filter=Parity.InOrderRandomOpsWithPeriodicCompare" "--gtest_also_run_disabled_tests"
Directory: /cjdata/cpp/crowkv/crowtree/build-tsan
"Parity.InOrderRandomOpsWithPeriodicCompare" start time: Jun 30 01:09 CST
Output:
----------------------------------------------------------
Running main() from ./googletest/src/gtest_main.cc
Note: Google Test filter = Parity.InOrderRandomOpsWithPeriodicCompare
[==========] Running 1 test from 1 test suite.
[----------] Global test environment set-up.
[----------] 1 test from Parity
[ RUN      ] Parity.InOrderRandomOpsWithPeriodicCompare
[       OK ] Parity.InOrderRandomOpsWithPeriodicCompare (866 ms)
[----------] 1 test from Parity (866 ms total)

[----------] Global test environment tear-down
[==========] 1 test from 1 test suite ran. (866 ms total)
[  PASSED  ] 1 test.
<end of output>
Test time =   0.88 sec
----------------------------------------------------------
Test Passed.
"Parity.InOrderRandomOpsWithPeriodicCompare" end time: Jun 30 01:09 CST
"Parity.InOrderRandomOpsWithPeriodicCompare" time elapsed: 00:00:00
----------------------------------------------------------

2/81 Testing: Parity.OutOfOrderConvergesToHighestSlot
2/81 Test: Parity.OutOfOrderConvergesToHighestSlot
Command: "/cjdata/cpp/crowkv/crowtree/build-tsan/crowtree_tests" "--gtest_filter=Parity.OutOfOrderConvergesToHighestSlot" "--gtest_also_run_disabled_tests"
Directory: /cjdata/cpp/crowkv/crowtree/build-tsan
"Parity.OutOfOrderConvergesToHighestSlot" start time: Jun 30 01:09 CST
Output:
----------------------------------------------------------
Running main() from ./googletest/src/gtest_main.cc
Note: Google Test filter = Parity.OutOfOrderConvergesToHighestSlot
[==========] Running 1 test from 1 test suite.
[----------] Global test environment set-up.
[----------] 1 test from Parity
[ RUN      ] Parity.OutOfOrderConvergesToHighestSlot
[       OK ] Parity.OutOfOrderConvergesToHighestSlot (131 ms)
[----------] 1 test from Parity (131 ms total)

[----------] Global test environment tear-down
[==========] 1 test from 1 test suite ran. (131 ms total)
[  PASSED  ] 1 test.
<end of output>
Test time =   0.15 sec
----------------------------------------------------------
Test Passed.
"Parity.OutOfOrderConvergesToHighestSlot" end time: Jun 30 01:09 CST
"Parity.OutOfOrderConvergesToHighestSlot" time elapsed: 00:00:00
----------------------------------------------------------

3/81 Testing: ReadPath.GetAfterPutAndDelete
3/81 Test: ReadPath.GetAfterPutAndDelete
Command: "/cjdata/cpp/crowkv/crowtree/build-tsan/crowtree_tests" "--gtest_filter=ReadPath.GetAfterPutAndDelete" "--gtest_also_run_disabled_tests"
Directory: /cjdata/cpp/crowkv/crowtree/build-tsan
"ReadPath.GetAfterPutAndDelete" start time: Jun 30 01:09 CST
Output:
----------------------------------------------------------
Running main() from ./googletest/src/gtest_main.cc
Note: Google Test filter = ReadPath.GetAfterPutAndDelete
[==========] Running 1 test from 1 test suite.
[----------] Global test environment set-up.
[----------] 1 test from ReadPath
[ RUN      ] ReadPath.GetAfterPutAndDelete
[       OK ] ReadPath.GetAfterPutAndDelete (9 ms)
[----------] 1 test from ReadPath (9 ms total)

[----------] Global test environment tear-down
[==========] 1 test from 1 test suite ran. (9 ms total)
[  PASSED  ] 1 test.
<end of output>
Test time =   0.02 sec
----------------------------------------------------------
Test Passed.
"ReadPath.GetAfterPutAndDelete" end time: Jun 30 01:09 CST
"ReadPath.GetAfterPutAndDelete" time elapsed: 00:00:00
----------------------------------------------------------

4/81 Testing: ReadPath.L0OverridesL1
4/81 Test: ReadPath.L0OverridesL1
Command: "/cjdata/cpp/crowkv/crowtree/build-tsan/crowtree_tests" "--gtest_filter=ReadPath.L0OverridesL1" "--gtest_also_run_disabled_tests"
Directory: /cjdata/cpp/crowkv/crowtree/build-tsan
"ReadPath.L0OverridesL1" start time: Jun 30 01:09 CST
Output:
----------------------------------------------------------
Running main() from ./googletest/src/gtest_main.cc
Note: Google Test filter = ReadPath.L0OverridesL1
[==========] Running 1 test from 1 test suite.
[----------] Global test environment set-up.
[----------] 1 test from ReadPath
[ RUN      ] ReadPath.L0OverridesL1
[       OK ] ReadPath.L0OverridesL1 (8 ms)
[----------] 1 test from ReadPath (8 ms total)

[----------] Global test environment tear-down
[==========] 1 test from 1 test suite ran. (8 ms total)
[  PASSED  ] 1 test.
<end of output>
Test time =   0.02 sec
----------------------------------------------------------
Test Passed.
"ReadPath.L0OverridesL1" end time: Jun 30 01:09 CST
"ReadPath.L0OverridesL1" time elapsed: 00:00:00
----------------------------------------------------------

5/81 Testing: ReadPath.L0TombstoneHidesL1
5/81 Test: ReadPath.L0TombstoneHidesL1
Command: "/cjdata/cpp/crowkv/crowtree/build-tsan/crowtree_tests" "--gtest_filter=ReadPath.L0TombstoneHidesL1" "--gtest_also_run_disabled_tests"
Directory: /cjdata/cpp/crowkv/crowtree/build-tsan
"ReadPath.L0TombstoneHidesL1" start time: Jun 30 01:09 CST
Output:
----------------------------------------------------------
Running main() from ./googletest/src/gtest_main.cc
Note: Google Test filter = ReadPath.L0TombstoneHidesL1
[==========] Running 1 test from 1 test suite.
[----------] Global test environment set-up.
[----------] 1 test from ReadPath
[ RUN      ] ReadPath.L0TombstoneHidesL1
[       OK ] ReadPath.L0TombstoneHidesL1 (9 ms)
[----------] 1 test from ReadPath (9 ms total)

[----------] Global test environment tear-down
[==========] 1 test from 1 test suite ran. (9 ms total)
[  PASSED  ] 1 test.
<end of output>
Test time =   0.02 sec
----------------------------------------------------------
Test Passed.
"ReadPath.L0TombstoneHidesL1" end time: Jun 30 01:09 CST
"ReadPath.L0TombstoneHidesL1" time elapsed: 00:00:00
----------------------------------------------------------

6/81 Testing: ReadPath.ScanOrderLimitTruncatedAcrossLeaves
6/81 Test: ReadPath.ScanOrderLimitTruncatedAcrossLeaves
Command: "/cjdata/cpp/crowkv/crowtree/build-tsan/crowtree_tests" "--gtest_filter=ReadPath.ScanOrderLimitTruncatedAcrossLeaves" "--gtest_also_run_disabled_tests"
Directory: /cjdata/cpp/crowkv/crowtree/build-tsan
"ReadPath.ScanOrderLimitTruncatedAcrossLeaves" start time: Jun 30 01:09 CST
Output:
----------------------------------------------------------
Running main() from ./googletest/src/gtest_main.cc
Note: Google Test filter = ReadPath.ScanOrderLimitTruncatedAcrossLeaves
[==========] Running 1 test from 1 test suite.
[----------] Global test environment set-up.
[----------] 1 test from ReadPath
[ RUN      ] ReadPath.ScanOrderLimitTruncatedAcrossLeaves
[       OK ] ReadPath.ScanOrderLimitTruncatedAcrossLeaves (17 ms)
[----------] 1 test from ReadPath (17 ms total)

[----------] Global test environment tear-down
[==========] 1 test from 1 test suite ran. (17 ms total)
[  PASSED  ] 1 test.
<end of output>
Test time =   0.03 sec
----------------------------------------------------------
Test Passed.
"ReadPath.ScanOrderLimitTruncatedAcrossLeaves" end time: Jun 30 01:09 CST
"ReadPath.ScanOrderLimitTruncatedAcrossLeaves" time elapsed: 00:00:00
----------------------------------------------------------

7/81 Testing: ReadPath.ScanPrefix
7/81 Test: ReadPath.ScanPrefix
Command: "/cjdata/cpp/crowkv/crowtree/build-tsan/crowtree_tests" "--gtest_filter=ReadPath.ScanPrefix" "--gtest_also_run_disabled_tests"
Directory: /cjdata/cpp/crowkv/crowtree/build-tsan
"ReadPath.ScanPrefix" start time: Jun 30 01:09 CST
Output:
----------------------------------------------------------
Running main() from ./googletest/src/gtest_main.cc
Note: Google Test filter = ReadPath.ScanPrefix
[==========] Running 1 test from 1 test suite.
[----------] Global test environment set-up.
[----------] 1 test from ReadPath
[ RUN      ] ReadPath.ScanPrefix
[       OK ] ReadPath.ScanPrefix (9 ms)
[----------] 1 test from ReadPath (9 ms total)

[----------] Global test environment tear-down
[==========] 1 test from 1 test suite ran. (9 ms total)
[  PASSED  ] 1 test.
<end of output>
Test time =   0.02 sec
----------------------------------------------------------
Test Passed.
"ReadPath.ScanPrefix" end time: Jun 30 01:09 CST
"ReadPath.ScanPrefix" time elapsed: 00:00:00
----------------------------------------------------------

8/81 Testing: ReadPath.MultiGet
8/81 Test: ReadPath.MultiGet
Command: "/cjdata/cpp/crowkv/crowtree/build-tsan/crowtree_tests" "--gtest_filter=ReadPath.MultiGet" "--gtest_also_run_disabled_tests"
Directory: /cjdata/cpp/crowkv/crowtree/build-tsan
"ReadPath.MultiGet" start time: Jun 30 01:09 CST
Output:
----------------------------------------------------------
Running main() from ./googletest/src/gtest_main.cc
Note: Google Test filter = ReadPath.MultiGet
[==========] Running 1 test from 1 test suite.
[----------] Global test environment set-up.
[----------] 1 test from ReadPath
[ RUN      ] ReadPath.MultiGet
[       OK ] ReadPath.MultiGet (8 ms)
[----------] 1 test from ReadPath (8 ms total)

[----------] Global test environment tear-down
[==========] 1 test from 1 test suite ran. (9 ms total)
[  PASSED  ] 1 test.
<end of output>
Test time =   0.02 sec
----------------------------------------------------------
Test Passed.
"ReadPath.MultiGet" end time: Jun 30 01:09 CST
"ReadPath.MultiGet" time elapsed: 00:00:00
----------------------------------------------------------

9/81 Testing: ReadPath.IterAllIncludesTombstones
9/81 Test: ReadPath.IterAllIncludesTombstones
Command: "/cjdata/cpp/crowkv/crowtree/build-tsan/crowtree_tests" "--gtest_filter=ReadPath.IterAllIncludesTombstones" "--gtest_also_run_disabled_tests"
Directory: /cjdata/cpp/crowkv/crowtree/build-tsan
"ReadPath.IterAllIncludesTombstones" start time: Jun 30 01:09 CST
Output:
----------------------------------------------------------
Running main() from ./googletest/src/gtest_main.cc
Note: Google Test filter = ReadPath.IterAllIncludesTombstones
[==========] Running 1 test from 1 test suite.
[----------] Global test environment set-up.
[----------] 1 test from ReadPath
[ RUN      ] ReadPath.IterAllIncludesTombstones
[       OK ] ReadPath.IterAllIncludesTombstones (9 ms)
[----------] 1 test from ReadPath (9 ms total)

[----------] Global test environment tear-down
[==========] 1 test from 1 test suite ran. (9 ms total)
[  PASSED  ] 1 test.
<end of output>
Test time =   0.02 sec
----------------------------------------------------------
Test Passed.
"ReadPath.IterAllIncludesTombstones" end time: Jun 30 01:09 CST
"ReadPath.IterAllIncludesTombstones" time elapsed: 00:00:00
----------------------------------------------------------

10/81 Testing: SplitMerge.SplitGrowsMultiLevelTree
10/81 Test: SplitMerge.SplitGrowsMultiLevelTree
Command: "/cjdata/cpp/crowkv/crowtree/build-tsan/crowtree_tests" "--gtest_filter=SplitMerge.SplitGrowsMultiLevelTree" "--gtest_also_run_disabled_tests"
Directory: /cjdata/cpp/crowkv/crowtree/build-tsan
"SplitMerge.SplitGrowsMultiLevelTree" start time: Jun 30 01:09 CST
Output:
----------------------------------------------------------
Running main() from ./googletest/src/gtest_main.cc
Note: Google Test filter = SplitMerge.SplitGrowsMultiLevelTree
[==========] Running 1 test from 1 test suite.
[----------] Global test environment set-up.
[----------] 1 test from SplitMerge
[ RUN      ] SplitMerge.SplitGrowsMultiLevelTree
[       OK ] SplitMerge.SplitGrowsMultiLevelTree (36 ms)
[----------] 1 test from SplitMerge (36 ms total)

[----------] Global test environment tear-down
[==========] 1 test from 1 test suite ran. (36 ms total)
[  PASSED  ] 1 test.
<end of output>
Test time =   0.05 sec
----------------------------------------------------------
Test Passed.
"SplitMerge.SplitGrowsMultiLevelTree" end time: Jun 30 01:09 CST
"SplitMerge.SplitGrowsMultiLevelTree" time elapsed: 00:00:00
----------------------------------------------------------

11/81 Testing: SplitMerge.MergeAndRootCollapse
11/81 Test: SplitMerge.MergeAndRootCollapse
Command: "/cjdata/cpp/crowkv/crowtree/build-tsan/crowtree_tests" "--gtest_filter=SplitMerge.MergeAndRootCollapse" "--gtest_also_run_disabled_tests"
Directory: /cjdata/cpp/crowkv/crowtree/build-tsan
"SplitMerge.MergeAndRootCollapse" start time: Jun 30 01:09 CST
Output:
----------------------------------------------------------
Running main() from ./googletest/src/gtest_main.cc
Note: Google Test filter = SplitMerge.MergeAndRootCollapse
[==========] Running 1 test from 1 test suite.
[----------] Global test environment set-up.
[----------] 1 test from SplitMerge
[ RUN      ] SplitMerge.MergeAndRootCollapse
[       OK ] SplitMerge.MergeAndRootCollapse (38 ms)
[----------] 1 test from SplitMerge (38 ms total)

[----------] Global test environment tear-down
[==========] 1 test from 1 test suite ran. (38 ms total)
[  PASSED  ] 1 test.
<end of output>
Test time =   0.05 sec
----------------------------------------------------------
Test Passed.
"SplitMerge.MergeAndRootCollapse" end time: Jun 30 01:09 CST
"SplitMerge.MergeAndRootCollapse" time elapsed: 00:00:00
----------------------------------------------------------

12/81 Testing: SplitMerge.ParityWithOracleUnderSplits
12/81 Test: SplitMerge.ParityWithOracleUnderSplits
Command: "/cjdata/cpp/crowkv/crowtree/build-tsan/crowtree_tests" "--gtest_filter=SplitMerge.ParityWithOracleUnderSplits" "--gtest_also_run_disabled_tests"
Directory: /cjdata/cpp/crowkv/crowtree/build-tsan
"SplitMerge.ParityWithOracleUnderSplits" start time: Jun 30 01:09 CST
Output:
----------------------------------------------------------
Running main() from ./googletest/src/gtest_main.cc
Note: Google Test filter = SplitMerge.ParityWithOracleUnderSplits
[==========] Running 1 test from 1 test suite.
[----------] Global test environment set-up.
[----------] 1 test from SplitMerge
[ RUN      ] SplitMerge.ParityWithOracleUnderSplits
[       OK ] SplitMerge.ParityWithOracleUnderSplits (79 ms)
[----------] 1 test from SplitMerge (79 ms total)

[----------] Global test environment tear-down
[==========] 1 test from 1 test suite ran. (79 ms total)
[  PASSED  ] 1 test.
<end of output>
Test time =   0.09 sec
----------------------------------------------------------
Test Passed.
"SplitMerge.ParityWithOracleUnderSplits" end time: Jun 30 01:09 CST
"SplitMerge.ParityWithOracleUnderSplits" time elapsed: 00:00:00
----------------------------------------------------------

13/81 Testing: Stress.ConcurrentReadersSingleWriter
13/81 Test: Stress.ConcurrentReadersSingleWriter
Command: "/cjdata/cpp/crowkv/crowtree/build-tsan/crowtree_tests" "--gtest_filter=Stress.ConcurrentReadersSingleWriter" "--gtest_also_run_disabled_tests"
Directory: /cjdata/cpp/crowkv/crowtree/build-tsan
"Stress.ConcurrentReadersSingleWriter" start time: Jun 30 01:09 CST
Output:
----------------------------------------------------------
Running main() from ./googletest/src/gtest_main.cc
Note: Google Test filter = Stress.ConcurrentReadersSingleWriter
[==========] Running 1 test from 1 test suite.
[----------] Global test environment set-up.
[----------] 1 test from Stress
[ RUN      ] Stress.ConcurrentReadersSingleWriter
[       OK ] Stress.ConcurrentReadersSingleWriter (1415 ms)
[----------] 1 test from Stress (1415 ms total)

[----------] Global test environment tear-down
[==========] 1 test from 1 test suite ran. (1415 ms total)
[  PASSED  ] 1 test.
<end of output>
Test time =   1.43 sec
----------------------------------------------------------
Test Passed.
"Stress.ConcurrentReadersSingleWriter" end time: Jun 30 01:10 CST
"Stress.ConcurrentReadersSingleWriter" time elapsed: 00:00:01
----------------------------------------------------------

14/81 Testing: WritePath.ApplyThenFlushVisible
14/81 Test: WritePath.ApplyThenFlushVisible
Command: "/cjdata/cpp/crowkv/crowtree/build-tsan/crowtree_tests" "--gtest_filter=WritePath.ApplyThenFlushVisible" "--gtest_also_run_disabled_tests"
Directory: /cjdata/cpp/crowkv/crowtree/build-tsan
"WritePath.ApplyThenFlushVisible" start time: Jun 30 01:10 CST
Output:
----------------------------------------------------------
Running main() from ./googletest/src/gtest_main.cc
Note: Google Test filter = WritePath.ApplyThenFlushVisible
[==========] Running 1 test from 1 test suite.
[----------] Global test environment set-up.
[----------] 1 test from WritePath
[ RUN      ] WritePath.ApplyThenFlushVisible
[       OK ] WritePath.ApplyThenFlushVisible (9 ms)
[----------] 1 test from WritePath (9 ms total)

[----------] Global test environment tear-down
[==========] 1 test from 1 test suite ran. (9 ms total)
[  PASSED  ] 1 test.
<end of output>
Test time =   0.02 sec
----------------------------------------------------------
Test Passed.
"WritePath.ApplyThenFlushVisible" end time: Jun 30 01:10 CST
"WritePath.ApplyThenFlushVisible" time elapsed: 00:00:00
----------------------------------------------------------

15/81 Testing: WritePath.IntraBatchLastWins
15/81 Test: WritePath.IntraBatchLastWins
Command: "/cjdata/cpp/crowkv/crowtree/build-tsan/crowtree_tests" "--gtest_filter=WritePath.IntraBatchLastWins" "--gtest_also_run_disabled_tests"
Directory: /cjdata/cpp/crowkv/crowtree/build-tsan
"WritePath.IntraBatchLastWins" start time: Jun 30 01:10 CST
Output:
----------------------------------------------------------
Running main() from ./googletest/src/gtest_main.cc
Note: Google Test filter = WritePath.IntraBatchLastWins
[==========] Running 1 test from 1 test suite.
[----------] Global test environment set-up.
[----------] 1 test from WritePath
[ RUN      ] WritePath.IntraBatchLastWins
[       OK ] WritePath.IntraBatchLastWins (9 ms)
[----------] 1 test from WritePath (9 ms total)

[----------] Global test environment tear-down
[==========] 1 test from 1 test suite ran. (9 ms total)
[  PASSED  ] 1 test.
<end of output>
Test time =   0.02 sec
----------------------------------------------------------
Test Passed.
"WritePath.IntraBatchLastWins" end time: Jun 30 01:10 CST
"WritePath.IntraBatchLastWins" time elapsed: 00:00:00
----------------------------------------------------------

16/81 Testing: WritePath.OutOfOrderApplyConverges
16/81 Test: WritePath.OutOfOrderApplyConverges
Command: "/cjdata/cpp/crowkv/crowtree/build-tsan/crowtree_tests" "--gtest_filter=WritePath.OutOfOrderApplyConverges" "--gtest_also_run_disabled_tests"
Directory: /cjdata/cpp/crowkv/crowtree/build-tsan
"WritePath.OutOfOrderApplyConverges" start time: Jun 30 01:10 CST
Output:
----------------------------------------------------------
Running main() from ./googletest/src/gtest_main.cc
Note: Google Test filter = WritePath.OutOfOrderApplyConverges
[==========] Running 1 test from 1 test suite.
[----------] Global test environment set-up.
[----------] 1 test from WritePath
[ RUN      ] WritePath.OutOfOrderApplyConverges
[       OK ] WritePath.OutOfOrderApplyConverges (8 ms)
[----------] 1 test from WritePath (8 ms total)

[----------] Global test environment tear-down
[==========] 1 test from 1 test suite ran. (8 ms total)
[  PASSED  ] 1 test.
<end of output>
Test time =   0.02 sec
----------------------------------------------------------
Test Passed.
"WritePath.OutOfOrderApplyConverges" end time: Jun 30 01:10 CST
"WritePath.OutOfOrderApplyConverges" time elapsed: 00:00:00
----------------------------------------------------------

17/81 Testing: WritePath.FlushOnlyContiguousPrefix
17/81 Test: WritePath.FlushOnlyContiguousPrefix
Command: "/cjdata/cpp/crowkv/crowtree/build-tsan/crowtree_tests" "--gtest_filter=WritePath.FlushOnlyContiguousPrefix" "--gtest_also_run_disabled_tests"
Directory: /cjdata/cpp/crowkv/crowtree/build-tsan
"WritePath.FlushOnlyContiguousPrefix" start time: Jun 30 01:10 CST
Output:
----------------------------------------------------------
Running main() from ./googletest/src/gtest_main.cc
Note: Google Test filter = WritePath.FlushOnlyContiguousPrefix
[==========] Running 1 test from 1 test suite.
[----------] Global test environment set-up.
[----------] 1 test from WritePath
[ RUN      ] WritePath.FlushOnlyContiguousPrefix
[       OK ] WritePath.FlushOnlyContiguousPrefix (9 ms)
[----------] 1 test from WritePath (9 ms total)

[----------] Global test environment tear-down
[==========] 1 test from 1 test suite ran. (9 ms total)
[  PASSED  ] 1 test.
<end of output>
Test time =   0.02 sec
----------------------------------------------------------
Test Passed.
"WritePath.FlushOnlyContiguousPrefix" end time: Jun 30 01:10 CST
"WritePath.FlushOnlyContiguousPrefix" time elapsed: 00:00:00
----------------------------------------------------------

18/81 Testing: WritePath.NoOpAdvancesFrontier
18/81 Test: WritePath.NoOpAdvancesFrontier
Command: "/cjdata/cpp/crowkv/crowtree/build-tsan/crowtree_tests" "--gtest_filter=WritePath.NoOpAdvancesFrontier" "--gtest_also_run_disabled_tests"
Directory: /cjdata/cpp/crowkv/crowtree/build-tsan
"WritePath.NoOpAdvancesFrontier" start time: Jun 30 01:10 CST
Output:
----------------------------------------------------------
Running main() from ./googletest/src/gtest_main.cc
Note: Google Test filter = WritePath.NoOpAdvancesFrontier
[==========] Running 1 test from 1 test suite.
[----------] Global test environment set-up.
[----------] 1 test from WritePath
[ RUN      ] WritePath.NoOpAdvancesFrontier
[       OK ] WritePath.NoOpAdvancesFrontier (9 ms)
[----------] 1 test from WritePath (9 ms total)

[----------] Global test environment tear-down
[==========] 1 test from 1 test suite ran. (9 ms total)
[  PASSED  ] 1 test.
<end of output>
Test time =   0.02 sec
----------------------------------------------------------
Test Passed.
"WritePath.NoOpAdvancesFrontier" end time: Jun 30 01:10 CST
"WritePath.NoOpAdvancesFrontier" time elapsed: 00:00:00
----------------------------------------------------------

19/81 Testing: WritePath.ReApplyBelowDurableDropped
19/81 Test: WritePath.ReApplyBelowDurableDropped
Command: "/cjdata/cpp/crowkv/crowtree/build-tsan/crowtree_tests" "--gtest_filter=WritePath.ReApplyBelowDurableDropped" "--gtest_also_run_disabled_tests"
Directory: /cjdata/cpp/crowkv/crowtree/build-tsan
"WritePath.ReApplyBelowDurableDropped" start time: Jun 30 01:10 CST
Output:
----------------------------------------------------------
Running main() from ./googletest/src/gtest_main.cc
Note: Google Test filter = WritePath.ReApplyBelowDurableDropped
[==========] Running 1 test from 1 test suite.
[----------] Global test environment set-up.
[----------] 1 test from WritePath
[ RUN      ] WritePath.ReApplyBelowDurableDropped
[       OK ] WritePath.ReApplyBelowDurableDropped (9 ms)
[----------] 1 test from WritePath (9 ms total)

[----------] Global test environment tear-down
[==========] 1 test from 1 test suite ran. (9 ms total)
[  PASSED  ] 1 test.
<end of output>
Test time =   0.02 sec
----------------------------------------------------------
Test Passed.
"WritePath.ReApplyBelowDurableDropped" end time: Jun 30 01:10 CST
"WritePath.ReApplyBelowDurableDropped" time elapsed: 00:00:00
----------------------------------------------------------

20/81 Testing: WritePath.DeleteTombstone
20/81 Test: WritePath.DeleteTombstone
Command: "/cjdata/cpp/crowkv/crowtree/build-tsan/crowtree_tests" "--gtest_filter=WritePath.DeleteTombstone" "--gtest_also_run_disabled_tests"
Directory: /cjdata/cpp/crowkv/crowtree/build-tsan
"WritePath.DeleteTombstone" start time: Jun 30 01:10 CST
Output:
----------------------------------------------------------
Running main() from ./googletest/src/gtest_main.cc
Note: Google Test filter = WritePath.DeleteTombstone
[==========] Running 1 test from 1 test suite.
[----------] Global test environment set-up.
[----------] 1 test from WritePath
[ RUN      ] WritePath.DeleteTombstone
[       OK ] WritePath.DeleteTombstone (9 ms)
[----------] 1 test from WritePath (9 ms total)

[----------] Global test environment tear-down
[==========] 1 test from 1 test suite ran. (9 ms total)
[  PASSED  ] 1 test.
<end of output>
Test time =   0.02 sec
----------------------------------------------------------
Test Passed.
"WritePath.DeleteTombstone" end time: Jun 30 01:10 CST
"WritePath.DeleteTombstone" time elapsed: 00:00:00
----------------------------------------------------------

21/81 Testing: WritePath.ConsolidationOnLongChain
21/81 Test: WritePath.ConsolidationOnLongChain
Command: "/cjdata/cpp/crowkv/crowtree/build-tsan/crowtree_tests" "--gtest_filter=WritePath.ConsolidationOnLongChain" "--gtest_also_run_disabled_tests"
Directory: /cjdata/cpp/crowkv/crowtree/build-tsan
"WritePath.ConsolidationOnLongChain" start time: Jun 30 01:10 CST
Output:
----------------------------------------------------------
Running main() from ./googletest/src/gtest_main.cc
Note: Google Test filter = WritePath.ConsolidationOnLongChain
[==========] Running 1 test from 1 test suite.
[----------] Global test environment set-up.
[----------] 1 test from WritePath
[ RUN      ] WritePath.ConsolidationOnLongChain
[       OK ] WritePath.ConsolidationOnLongChain (9 ms)
[----------] 1 test from WritePath (9 ms total)

[----------] Global test environment tear-down
[==========] 1 test from 1 test suite ran. (9 ms total)
[  PASSED  ] 1 test.
<end of output>
Test time =   0.02 sec
----------------------------------------------------------
Test Passed.
"WritePath.ConsolidationOnLongChain" end time: Jun 30 01:10 CST
"WritePath.ConsolidationOnLongChain" time elapsed: 00:00:00
----------------------------------------------------------

22/81 Testing: Cell.PutRoundTrip
22/81 Test: Cell.PutRoundTrip
Command: "/cjdata/cpp/crowkv/crowtree/build-tsan/crowtree_tests" "--gtest_filter=Cell.PutRoundTrip" "--gtest_also_run_disabled_tests"
Directory: /cjdata/cpp/crowkv/crowtree/build-tsan
"Cell.PutRoundTrip" start time: Jun 30 01:10 CST
Output:
----------------------------------------------------------
Running main() from ./googletest/src/gtest_main.cc
Note: Google Test filter = Cell.PutRoundTrip
[==========] Running 1 test from 1 test suite.
[----------] Global test environment set-up.
[----------] 1 test from Cell
[ RUN      ] Cell.PutRoundTrip
[       OK ] Cell.PutRoundTrip (0 ms)
[----------] 1 test from Cell (0 ms total)

[----------] Global test environment tear-down
[==========] 1 test from 1 test suite ran. (0 ms total)
[  PASSED  ] 1 test.
<end of output>
Test time =   0.01 sec
----------------------------------------------------------
Test Passed.
"Cell.PutRoundTrip" end time: Jun 30 01:10 CST
"Cell.PutRoundTrip" time elapsed: 00:00:00
----------------------------------------------------------

23/81 Testing: Cell.Tombstone
23/81 Test: Cell.Tombstone
Command: "/cjdata/cpp/crowkv/crowtree/build-tsan/crowtree_tests" "--gtest_filter=Cell.Tombstone" "--gtest_also_run_disabled_tests"
Directory: /cjdata/cpp/crowkv/crowtree/build-tsan
"Cell.Tombstone" start time: Jun 30 01:10 CST
Output:
----------------------------------------------------------
Running main() from ./googletest/src/gtest_main.cc
Note: Google Test filter = Cell.Tombstone
[==========] Running 1 test from 1 test suite.
[----------] Global test environment set-up.
[----------] 1 test from Cell
[ RUN      ] Cell.Tombstone
[       OK ] Cell.Tombstone (0 ms)
[----------] 1 test from Cell (0 ms total)

[----------] Global test environment tear-down
[==========] 1 test from 1 test suite ran. (0 ms total)
[  PASSED  ] 1 test.
<end of output>
Test time =   0.01 sec
----------------------------------------------------------
Test Passed.
"Cell.Tombstone" end time: Jun 30 01:10 CST
"Cell.Tombstone" time elapsed: 00:00:00
----------------------------------------------------------

24/81 Testing: Cell.EmptyValuePut
24/81 Test: Cell.EmptyValuePut
Command: "/cjdata/cpp/crowkv/crowtree/build-tsan/crowtree_tests" "--gtest_filter=Cell.EmptyValuePut" "--gtest_also_run_disabled_tests"
Directory: /cjdata/cpp/crowkv/crowtree/build-tsan
"Cell.EmptyValuePut" start time: Jun 30 01:10 CST
Output:
----------------------------------------------------------
Running main() from ./googletest/src/gtest_main.cc
Note: Google Test filter = Cell.EmptyValuePut
[==========] Running 1 test from 1 test suite.
[----------] Global test environment set-up.
[----------] 1 test from Cell
[ RUN      ] Cell.EmptyValuePut
[       OK ] Cell.EmptyValuePut (0 ms)
[----------] 1 test from Cell (0 ms total)

[----------] Global test environment tear-down
[==========] 1 test from 1 test suite ran. (0 ms total)
[  PASSED  ] 1 test.
<end of output>
Test time =   0.01 sec
----------------------------------------------------------
Test Passed.
"Cell.EmptyValuePut" end time: Jun 30 01:10 CST
"Cell.EmptyValuePut" time elapsed: 00:00:00
----------------------------------------------------------

25/81 Testing: Cell.SlotBoundaries
25/81 Test: Cell.SlotBoundaries
Command: "/cjdata/cpp/crowkv/crowtree/build-tsan/crowtree_tests" "--gtest_filter=Cell.SlotBoundaries" "--gtest_also_run_disabled_tests"
Directory: /cjdata/cpp/crowkv/crowtree/build-tsan
"Cell.SlotBoundaries" start time: Jun 30 01:10 CST
Output:
----------------------------------------------------------
Running main() from ./googletest/src/gtest_main.cc
Note: Google Test filter = Cell.SlotBoundaries
[==========] Running 1 test from 1 test suite.
[----------] Global test environment set-up.
[----------] 1 test from Cell
[ RUN      ] Cell.SlotBoundaries
[       OK ] Cell.SlotBoundaries (0 ms)
[----------] 1 test from Cell (0 ms total)

[----------] Global test environment tear-down
[==========] 1 test from 1 test suite ran. (0 ms total)
[  PASSED  ] 1 test.
<end of output>
Test time =   0.01 sec
----------------------------------------------------------
Test Passed.
"Cell.SlotBoundaries" end time: Jun 30 01:10 CST
"Cell.SlotBoundaries" time elapsed: 00:00:00
----------------------------------------------------------

26/81 Testing: Cell.BinaryValueWithNuls
26/81 Test: Cell.BinaryValueWithNuls
Command: "/cjdata/cpp/crowkv/crowtree/build-tsan/crowtree_tests" "--gtest_filter=Cell.BinaryValueWithNuls" "--gtest_also_run_disabled_tests"
Directory: /cjdata/cpp/crowkv/crowtree/build-tsan
"Cell.BinaryValueWithNuls" start time: Jun 30 01:10 CST
Output:
----------------------------------------------------------
Running main() from ./googletest/src/gtest_main.cc
Note: Google Test filter = Cell.BinaryValueWithNuls
[==========] Running 1 test from 1 test suite.
[----------] Global test environment set-up.
[----------] 1 test from Cell
[ RUN      ] Cell.BinaryValueWithNuls
[       OK ] Cell.BinaryValueWithNuls (0 ms)
[----------] 1 test from Cell (0 ms total)

[----------] Global test environment tear-down
[==========] 1 test from 1 test suite ran. (0 ms total)
[  PASSED  ] 1 test.
<end of output>
Test time =   0.01 sec
----------------------------------------------------------
Test Passed.
"Cell.BinaryValueWithNuls" end time: Jun 30 01:10 CST
"Cell.BinaryValueWithNuls" time elapsed: 00:00:00
----------------------------------------------------------

27/81 Testing: Cell.ReservedBitsIgnoredForTombstone
27/81 Test: Cell.ReservedBitsIgnoredForTombstone
Command: "/cjdata/cpp/crowkv/crowtree/build-tsan/crowtree_tests" "--gtest_filter=Cell.ReservedBitsIgnoredForTombstone" "--gtest_also_run_disabled_tests"
Directory: /cjdata/cpp/crowkv/crowtree/build-tsan
"Cell.ReservedBitsIgnoredForTombstone" start time: Jun 30 01:10 CST
Output:
----------------------------------------------------------
Running main() from ./googletest/src/gtest_main.cc
Note: Google Test filter = Cell.ReservedBitsIgnoredForTombstone
[==========] Running 1 test from 1 test suite.
[----------] Global test environment set-up.
[----------] 1 test from Cell
[ RUN      ] Cell.ReservedBitsIgnoredForTombstone
[       OK ] Cell.ReservedBitsIgnoredForTombstone (0 ms)
[----------] 1 test from Cell (0 ms total)

[----------] Global test environment tear-down
[==========] 1 test from 1 test suite ran. (0 ms total)
[  PASSED  ] 1 test.
<end of output>
Test time =   0.01 sec
----------------------------------------------------------
Test Passed.
"Cell.ReservedBitsIgnoredForTombstone" end time: Jun 30 01:10 CST
"Cell.ReservedBitsIgnoredForTombstone" time elapsed: 00:00:00
----------------------------------------------------------

28/81 Testing: Cell.HighestSlotWins
28/81 Test: Cell.HighestSlotWins
Command: "/cjdata/cpp/crowkv/crowtree/build-tsan/crowtree_tests" "--gtest_filter=Cell.HighestSlotWins" "--gtest_also_run_disabled_tests"
Directory: /cjdata/cpp/crowkv/crowtree/build-tsan
"Cell.HighestSlotWins" start time: Jun 30 01:10 CST
Output:
----------------------------------------------------------
Running main() from ./googletest/src/gtest_main.cc
Note: Google Test filter = Cell.HighestSlotWins
[==========] Running 1 test from 1 test suite.
[----------] Global test environment set-up.
[----------] 1 test from Cell
[ RUN      ] Cell.HighestSlotWins
[       OK ] Cell.HighestSlotWins (0 ms)
[----------] 1 test from Cell (0 ms total)

[----------] Global test environment tear-down
[==========] 1 test from 1 test suite ran. (0 ms total)
[  PASSED  ] 1 test.
<end of output>
Test time =   0.01 sec
----------------------------------------------------------
Test Passed.
"Cell.HighestSlotWins" end time: Jun 30 01:10 CST
"Cell.HighestSlotWins" time elapsed: 00:00:00
----------------------------------------------------------

29/81 Testing: Consolidation.FoldsChainAtDeltaLenThreshold
29/81 Test: Consolidation.FoldsChainAtDeltaLenThreshold
Command: "/cjdata/cpp/crowkv/crowtree/build-tsan/crowtree_tests" "--gtest_filter=Consolidation.FoldsChainAtDeltaLenThreshold" "--gtest_also_run_disabled_tests"
Directory: /cjdata/cpp/crowkv/crowtree/build-tsan
"Consolidation.FoldsChainAtDeltaLenThreshold" start time: Jun 30 01:10 CST
Output:
----------------------------------------------------------
Running main() from ./googletest/src/gtest_main.cc
Note: Google Test filter = Consolidation.FoldsChainAtDeltaLenThreshold
[==========] Running 1 test from 1 test suite.
[----------] Global test environment set-up.
[----------] 1 test from Consolidation
[ RUN      ] Consolidation.FoldsChainAtDeltaLenThreshold
[       OK ] Consolidation.FoldsChainAtDeltaLenThreshold (9 ms)
[----------] 1 test from Consolidation (9 ms total)

[----------] Global test environment tear-down
[==========] 1 test from 1 test suite ran. (9 ms total)
[  PASSED  ] 1 test.
<end of output>
Test time =   0.02 sec
----------------------------------------------------------
Test Passed.
"Consolidation.FoldsChainAtDeltaLenThreshold" end time: Jun 30 01:10 CST
"Consolidation.FoldsChainAtDeltaLenThreshold" time elapsed: 00:00:00
----------------------------------------------------------

30/81 Testing: Consolidation.FoldKeepsHighestSlotPerKey
30/81 Test: Consolidation.FoldKeepsHighestSlotPerKey
Command: "/cjdata/cpp/crowkv/crowtree/build-tsan/crowtree_tests" "--gtest_filter=Consolidation.FoldKeepsHighestSlotPerKey" "--gtest_also_run_disabled_tests"
Directory: /cjdata/cpp/crowkv/crowtree/build-tsan
"Consolidation.FoldKeepsHighestSlotPerKey" start time: Jun 30 01:10 CST
Output:
----------------------------------------------------------
Running main() from ./googletest/src/gtest_main.cc
Note: Google Test filter = Consolidation.FoldKeepsHighestSlotPerKey
[==========] Running 1 test from 1 test suite.
[----------] Global test environment set-up.
[----------] 1 test from Consolidation
[ RUN      ] Consolidation.FoldKeepsHighestSlotPerKey
[       OK ] Consolidation.FoldKeepsHighestSlotPerKey (9 ms)
[----------] 1 test from Consolidation (9 ms total)

[----------] Global test environment tear-down
[==========] 1 test from 1 test suite ran. (9 ms total)
[  PASSED  ] 1 test.
<end of output>
Test time =   0.02 sec
----------------------------------------------------------
Test Passed.
"Consolidation.FoldKeepsHighestSlotPerKey" end time: Jun 30 01:10 CST
"Consolidation.FoldKeepsHighestSlotPerKey" time elapsed: 00:00:00
----------------------------------------------------------

31/81 Testing: Consolidation.TombstonePreservedThroughFold
31/81 Test: Consolidation.TombstonePreservedThroughFold
Command: "/cjdata/cpp/crowkv/crowtree/build-tsan/crowtree_tests" "--gtest_filter=Consolidation.TombstonePreservedThroughFold" "--gtest_also_run_disabled_tests"
Directory: /cjdata/cpp/crowkv/crowtree/build-tsan
"Consolidation.TombstonePreservedThroughFold" start time: Jun 30 01:10 CST
Output:
----------------------------------------------------------
Running main() from ./googletest/src/gtest_main.cc
Note: Google Test filter = Consolidation.TombstonePreservedThroughFold
[==========] Running 1 test from 1 test suite.
[----------] Global test environment set-up.
[----------] 1 test from Consolidation
[ RUN      ] Consolidation.TombstonePreservedThroughFold
[       OK ] Consolidation.TombstonePreservedThroughFold (9 ms)
[----------] 1 test from Consolidation (9 ms total)

[----------] Global test environment tear-down
[==========] 1 test from 1 test suite ran. (9 ms total)
[  PASSED  ] 1 test.
<end of output>
Test time =   0.02 sec
----------------------------------------------------------
Test Passed.
"Consolidation.TombstonePreservedThroughFold" end time: Jun 30 01:10 CST
"Consolidation.TombstonePreservedThroughFold" time elapsed: 00:00:00
----------------------------------------------------------

32/81 Testing: Consolidation.OldChainRetiredViaEpoch
32/81 Test: Consolidation.OldChainRetiredViaEpoch
Command: "/cjdata/cpp/crowkv/crowtree/build-tsan/crowtree_tests" "--gtest_filter=Consolidation.OldChainRetiredViaEpoch" "--gtest_also_run_disabled_tests"
Directory: /cjdata/cpp/crowkv/crowtree/build-tsan
"Consolidation.OldChainRetiredViaEpoch" start time: Jun 30 01:10 CST
Output:
----------------------------------------------------------
Running main() from ./googletest/src/gtest_main.cc
Note: Google Test filter = Consolidation.OldChainRetiredViaEpoch
[==========] Running 1 test from 1 test suite.
[----------] Global test environment set-up.
[----------] 1 test from Consolidation
[ RUN      ] Consolidation.OldChainRetiredViaEpoch
[       OK ] Consolidation.OldChainRetiredViaEpoch (9 ms)
[----------] 1 test from Consolidation (9 ms total)

[----------] Global test environment tear-down
[==========] 1 test from 1 test suite ran. (9 ms total)
[  PASSED  ] 1 test.
<end of output>
Test time =   0.02 sec
----------------------------------------------------------
Test Passed.
"Consolidation.OldChainRetiredViaEpoch" end time: Jun 30 01:10 CST
"Consolidation.OldChainRetiredViaEpoch" time elapsed: 00:00:00
----------------------------------------------------------

33/81 Testing: Delta.BuildAndFindKey
33/81 Test: Delta.BuildAndFindKey
Command: "/cjdata/cpp/crowkv/crowtree/build-tsan/crowtree_tests" "--gtest_filter=Delta.BuildAndFindKey" "--gtest_also_run_disabled_tests"
Directory: /cjdata/cpp/crowkv/crowtree/build-tsan
"Delta.BuildAndFindKey" start time: Jun 30 01:10 CST
Output:
----------------------------------------------------------
Running main() from ./googletest/src/gtest_main.cc
Note: Google Test filter = Delta.BuildAndFindKey
[==========] Running 1 test from 1 test suite.
[----------] Global test environment set-up.
[----------] 1 test from Delta
[ RUN      ] Delta.BuildAndFindKey
[       OK ] Delta.BuildAndFindKey (0 ms)
[----------] 1 test from Delta (0 ms total)

[----------] Global test environment tear-down
[==========] 1 test from 1 test suite ran. (0 ms total)
[  PASSED  ] 1 test.
<end of output>
Test time =   0.01 sec
----------------------------------------------------------
Test Passed.
"Delta.BuildAndFindKey" end time: Jun 30 01:10 CST
"Delta.BuildAndFindKey" time elapsed: 00:00:00
----------------------------------------------------------

34/81 Testing: Delta.ChainLinkage
34/81 Test: Delta.ChainLinkage
Command: "/cjdata/cpp/crowkv/crowtree/build-tsan/crowtree_tests" "--gtest_filter=Delta.ChainLinkage" "--gtest_also_run_disabled_tests"
Directory: /cjdata/cpp/crowkv/crowtree/build-tsan
"Delta.ChainLinkage" start time: Jun 30 01:10 CST
Output:
----------------------------------------------------------
Running main() from ./googletest/src/gtest_main.cc
Note: Google Test filter = Delta.ChainLinkage
[==========] Running 1 test from 1 test suite.
[----------] Global test environment set-up.
[----------] 1 test from Delta
[ RUN      ] Delta.ChainLinkage
[       OK ] Delta.ChainLinkage (0 ms)
[----------] 1 test from Delta (0 ms total)

[----------] Global test environment tear-down
[==========] 1 test from 1 test suite ran. (0 ms total)
[  PASSED  ] 1 test.
<end of output>
Test time =   0.01 sec
----------------------------------------------------------
Test Passed.
"Delta.ChainLinkage" end time: Jun 30 01:10 CST
"Delta.ChainLinkage" time elapsed: 00:00:00
----------------------------------------------------------

35/81 Testing: Delta.ResolveHighestSlotWins
35/81 Test: Delta.ResolveHighestSlotWins
Command: "/cjdata/cpp/crowkv/crowtree/build-tsan/crowtree_tests" "--gtest_filter=Delta.ResolveHighestSlotWins" "--gtest_also_run_disabled_tests"
Directory: /cjdata/cpp/crowkv/crowtree/build-tsan
"Delta.ResolveHighestSlotWins" start time: Jun 30 01:10 CST
Output:
----------------------------------------------------------
Running main() from ./googletest/src/gtest_main.cc
Note: Google Test filter = Delta.ResolveHighestSlotWins
[==========] Running 1 test from 1 test suite.
[----------] Global test environment set-up.
[----------] 1 test from Delta
[ RUN      ] Delta.ResolveHighestSlotWins
[       OK ] Delta.ResolveHighestSlotWins (0 ms)
[----------] 1 test from Delta (0 ms total)

[----------] Global test environment tear-down
[==========] 1 test from 1 test suite ran. (0 ms total)
[  PASSED  ] 1 test.
<end of output>
Test time =   0.01 sec
----------------------------------------------------------
Test Passed.
"Delta.ResolveHighestSlotWins" end time: Jun 30 01:10 CST
"Delta.ResolveHighestSlotWins" time elapsed: 00:00:00
----------------------------------------------------------

36/81 Testing: Delta.ResolveOutOfOrderSlots
36/81 Test: Delta.ResolveOutOfOrderSlots
Command: "/cjdata/cpp/crowkv/crowtree/build-tsan/crowtree_tests" "--gtest_filter=Delta.ResolveOutOfOrderSlots" "--gtest_also_run_disabled_tests"
Directory: /cjdata/cpp/crowkv/crowtree/build-tsan
"Delta.ResolveOutOfOrderSlots" start time: Jun 30 01:10 CST
Output:
----------------------------------------------------------
Running main() from ./googletest/src/gtest_main.cc
Note: Google Test filter = Delta.ResolveOutOfOrderSlots
[==========] Running 1 test from 1 test suite.
[----------] Global test environment set-up.
[----------] 1 test from Delta
[ RUN      ] Delta.ResolveOutOfOrderSlots
[       OK ] Delta.ResolveOutOfOrderSlots (0 ms)
[----------] 1 test from Delta (0 ms total)

[----------] Global test environment tear-down
[==========] 1 test from 1 test suite ran. (0 ms total)
[  PASSED  ] 1 test.
<end of output>
Test time =   0.01 sec
----------------------------------------------------------
Test Passed.
"Delta.ResolveOutOfOrderSlots" end time: Jun 30 01:10 CST
"Delta.ResolveOutOfOrderSlots" time elapsed: 00:00:00
----------------------------------------------------------

37/81 Testing: Delta.TombstoneShadows
37/81 Test: Delta.TombstoneShadows
Command: "/cjdata/cpp/crowkv/crowtree/build-tsan/crowtree_tests" "--gtest_filter=Delta.TombstoneShadows" "--gtest_also_run_disabled_tests"
Directory: /cjdata/cpp/crowkv/crowtree/build-tsan
"Delta.TombstoneShadows" start time: Jun 30 01:10 CST
Output:
----------------------------------------------------------
Running main() from ./googletest/src/gtest_main.cc
Note: Google Test filter = Delta.TombstoneShadows
[==========] Running 1 test from 1 test suite.
[----------] Global test environment set-up.
[----------] 1 test from Delta
[ RUN      ] Delta.TombstoneShadows
[       OK ] Delta.TombstoneShadows (0 ms)
[----------] 1 test from Delta (0 ms total)

[----------] Global test environment tear-down
[==========] 1 test from 1 test suite ran. (0 ms total)
[  PASSED  ] 1 test.
<end of output>
Test time =   0.01 sec
----------------------------------------------------------
Test Passed.
"Delta.TombstoneShadows" end time: Jun 30 01:10 CST
"Delta.TombstoneShadows" time elapsed: 00:00:00
----------------------------------------------------------

38/81 Testing: Delta.ChainLeafBaseHelper
38/81 Test: Delta.ChainLeafBaseHelper
Command: "/cjdata/cpp/crowkv/crowtree/build-tsan/crowtree_tests" "--gtest_filter=Delta.ChainLeafBaseHelper" "--gtest_also_run_disabled_tests"
Directory: /cjdata/cpp/crowkv/crowtree/build-tsan
"Delta.ChainLeafBaseHelper" start time: Jun 30 01:10 CST
Output:
----------------------------------------------------------
Running main() from ./googletest/src/gtest_main.cc
Note: Google Test filter = Delta.ChainLeafBaseHelper
[==========] Running 1 test from 1 test suite.
[----------] Global test environment set-up.
[----------] 1 test from Delta
[ RUN      ] Delta.ChainLeafBaseHelper
[       OK ] Delta.ChainLeafBaseHelper (0 ms)
[----------] 1 test from Delta (0 ms total)

[----------] Global test environment tear-down
[==========] 1 test from 1 test suite ran. (0 ms total)
[  PASSED  ] 1 test.
<end of output>
Test time =   0.01 sec
----------------------------------------------------------
Test Passed.
"Delta.ChainLeafBaseHelper" end time: Jun 30 01:10 CST
"Delta.ChainLeafBaseHelper" time elapsed: 00:00:00
----------------------------------------------------------

39/81 Testing: Epoch.RetireFreesWhenNoGuard
39/81 Test: Epoch.RetireFreesWhenNoGuard
Command: "/cjdata/cpp/crowkv/crowtree/build-tsan/crowtree_tests" "--gtest_filter=Epoch.RetireFreesWhenNoGuard" "--gtest_also_run_disabled_tests"
Directory: /cjdata/cpp/crowkv/crowtree/build-tsan
"Epoch.RetireFreesWhenNoGuard" start time: Jun 30 01:10 CST
Output:
----------------------------------------------------------
Running main() from ./googletest/src/gtest_main.cc
Note: Google Test filter = Epoch.RetireFreesWhenNoGuard
[==========] Running 1 test from 1 test suite.
[----------] Global test environment set-up.
[----------] 1 test from Epoch
[ RUN      ] Epoch.RetireFreesWhenNoGuard
[       OK ] Epoch.RetireFreesWhenNoGuard (0 ms)
[----------] 1 test from Epoch (0 ms total)

[----------] Global test environment tear-down
[==========] 1 test from 1 test suite ran. (0 ms total)
[  PASSED  ] 1 test.
<end of output>
Test time =   0.01 sec
----------------------------------------------------------
Test Passed.
"Epoch.RetireFreesWhenNoGuard" end time: Jun 30 01:10 CST
"Epoch.RetireFreesWhenNoGuard" time elapsed: 00:00:00
----------------------------------------------------------

40/81 Testing: Epoch.GuardDelaysReclamation
40/81 Test: Epoch.GuardDelaysReclamation
Command: "/cjdata/cpp/crowkv/crowtree/build-tsan/crowtree_tests" "--gtest_filter=Epoch.GuardDelaysReclamation" "--gtest_also_run_disabled_tests"
Directory: /cjdata/cpp/crowkv/crowtree/build-tsan
"Epoch.GuardDelaysReclamation" start time: Jun 30 01:10 CST
Output:
----------------------------------------------------------
Running main() from ./googletest/src/gtest_main.cc
Note: Google Test filter = Epoch.GuardDelaysReclamation
[==========] Running 1 test from 1 test suite.
[----------] Global test environment set-up.
[----------] 1 test from Epoch
[ RUN      ] Epoch.GuardDelaysReclamation
[       OK ] Epoch.GuardDelaysReclamation (0 ms)
[----------] 1 test from Epoch (0 ms total)

[----------] Global test environment tear-down
[==========] 1 test from 1 test suite ran. (0 ms total)
[  PASSED  ] 1 test.
<end of output>
Test time =   0.01 sec
----------------------------------------------------------
Test Passed.
"Epoch.GuardDelaysReclamation" end time: Jun 30 01:10 CST
"Epoch.GuardDelaysReclamation" time elapsed: 00:00:00
----------------------------------------------------------

41/81 Testing: Epoch.NewGuardAfterRetireDoesNotBlock
41/81 Test: Epoch.NewGuardAfterRetireDoesNotBlock
Command: "/cjdata/cpp/crowkv/crowtree/build-tsan/crowtree_tests" "--gtest_filter=Epoch.NewGuardAfterRetireDoesNotBlock" "--gtest_also_run_disabled_tests"
Directory: /cjdata/cpp/crowkv/crowtree/build-tsan
"Epoch.NewGuardAfterRetireDoesNotBlock" start time: Jun 30 01:10 CST
Output:
----------------------------------------------------------
Running main() from ./googletest/src/gtest_main.cc
Note: Google Test filter = Epoch.NewGuardAfterRetireDoesNotBlock
[==========] Running 1 test from 1 test suite.
[----------] Global test environment set-up.
[----------] 1 test from Epoch
[ RUN      ] Epoch.NewGuardAfterRetireDoesNotBlock
[       OK ] Epoch.NewGuardAfterRetireDoesNotBlock (0 ms)
[----------] 1 test from Epoch (0 ms total)

[----------] Global test environment tear-down
[==========] 1 test from 1 test suite ran. (0 ms total)
[  PASSED  ] 1 test.
<end of output>
Test time =   0.01 sec
----------------------------------------------------------
Test Passed.
"Epoch.NewGuardAfterRetireDoesNotBlock" end time: Jun 30 01:10 CST
"Epoch.NewGuardAfterRetireDoesNotBlock" time elapsed: 00:00:00
----------------------------------------------------------

42/81 Testing: Epoch.MultipleGuardsHoldUntilAllExit
42/81 Test: Epoch.MultipleGuardsHoldUntilAllExit
Command: "/cjdata/cpp/crowkv/crowtree/build-tsan/crowtree_tests" "--gtest_filter=Epoch.MultipleGuardsHoldUntilAllExit" "--gtest_also_run_disabled_tests"
Directory: /cjdata/cpp/crowkv/crowtree/build-tsan
"Epoch.MultipleGuardsHoldUntilAllExit" start time: Jun 30 01:10 CST
Output:
----------------------------------------------------------
Running main() from ./googletest/src/gtest_main.cc
Note: Google Test filter = Epoch.MultipleGuardsHoldUntilAllExit
[==========] Running 1 test from 1 test suite.
[----------] Global test environment set-up.
[----------] 1 test from Epoch
[ RUN      ] Epoch.MultipleGuardsHoldUntilAllExit
[       OK ] Epoch.MultipleGuardsHoldUntilAllExit (0 ms)
[----------] 1 test from Epoch (0 ms total)

[----------] Global test environment tear-down
[==========] 1 test from 1 test suite ran. (0 ms total)
[  PASSED  ] 1 test.
<end of output>
Test time =   0.01 sec
----------------------------------------------------------
Test Passed.
"Epoch.MultipleGuardsHoldUntilAllExit" end time: Jun 30 01:10 CST
"Epoch.MultipleGuardsHoldUntilAllExit" time elapsed: 00:00:00
----------------------------------------------------------

43/81 Testing: Epoch.DestructorFreesPending
43/81 Test: Epoch.DestructorFreesPending
Command: "/cjdata/cpp/crowkv/crowtree/build-tsan/crowtree_tests" "--gtest_filter=Epoch.DestructorFreesPending" "--gtest_also_run_disabled_tests"
Directory: /cjdata/cpp/crowkv/crowtree/build-tsan
"Epoch.DestructorFreesPending" start time: Jun 30 01:10 CST
Output:
----------------------------------------------------------
Running main() from ./googletest/src/gtest_main.cc
Note: Google Test filter = Epoch.DestructorFreesPending
[==========] Running 1 test from 1 test suite.
[----------] Global test environment set-up.
[----------] 1 test from Epoch
[ RUN      ] Epoch.DestructorFreesPending
[       OK ] Epoch.DestructorFreesPending (0 ms)
[----------] 1 test from Epoch (0 ms total)

[----------] Global test environment tear-down
[==========] 1 test from 1 test suite ran. (0 ms total)
[  PASSED  ] 1 test.
<end of output>
Test time =   0.01 sec
----------------------------------------------------------
Test Passed.
"Epoch.DestructorFreesPending" end time: Jun 30 01:10 CST
"Epoch.DestructorFreesPending" time elapsed: 00:00:00
----------------------------------------------------------

44/81 Testing: Epoch.ConcurrentReadersAndRetire
44/81 Test: Epoch.ConcurrentReadersAndRetire
Command: "/cjdata/cpp/crowkv/crowtree/build-tsan/crowtree_tests" "--gtest_filter=Epoch.ConcurrentReadersAndRetire" "--gtest_also_run_disabled_tests"
Directory: /cjdata/cpp/crowkv/crowtree/build-tsan
"Epoch.ConcurrentReadersAndRetire" start time: Jun 30 01:10 CST
Output:
----------------------------------------------------------
Running main() from ./googletest/src/gtest_main.cc
Note: Google Test filter = Epoch.ConcurrentReadersAndRetire
[==========] Running 1 test from 1 test suite.
[----------] Global test environment set-up.
[----------] 1 test from Epoch
[ RUN      ] Epoch.ConcurrentReadersAndRetire
[       OK ] Epoch.ConcurrentReadersAndRetire (6406 ms)
[----------] 1 test from Epoch (6406 ms total)

[----------] Global test environment tear-down
[==========] 1 test from 1 test suite ran. (6406 ms total)
[  PASSED  ] 1 test.
<end of output>
Test time =   6.42 sec
----------------------------------------------------------
Test Passed.
"Epoch.ConcurrentReadersAndRetire" end time: Jun 30 01:10 CST
"Epoch.ConcurrentReadersAndRetire" time elapsed: 00:00:06
----------------------------------------------------------

45/81 Testing: InnerPage.ChildIndexFor
45/81 Test: InnerPage.ChildIndexFor
Command: "/cjdata/cpp/crowkv/crowtree/build-tsan/crowtree_tests" "--gtest_filter=InnerPage.ChildIndexFor" "--gtest_also_run_disabled_tests"
Directory: /cjdata/cpp/crowkv/crowtree/build-tsan
"InnerPage.ChildIndexFor" start time: Jun 30 01:10 CST
Output:
----------------------------------------------------------
Running main() from ./googletest/src/gtest_main.cc
Note: Google Test filter = InnerPage.ChildIndexFor
[==========] Running 1 test from 1 test suite.
[----------] Global test environment set-up.
[----------] 1 test from InnerPage
[ RUN      ] InnerPage.ChildIndexFor
[       OK ] InnerPage.ChildIndexFor (0 ms)
[----------] 1 test from InnerPage (0 ms total)

[----------] Global test environment tear-down
[==========] 1 test from 1 test suite ran. (0 ms total)
[  PASSED  ] 1 test.
<end of output>
Test time =   0.01 sec
----------------------------------------------------------
Test Passed.
"InnerPage.ChildIndexFor" end time: Jun 30 01:10 CST
"InnerPage.ChildIndexFor" time elapsed: 00:00:00
----------------------------------------------------------

46/81 Testing: Descent.SingleLeafRoot
46/81 Test: Descent.SingleLeafRoot
Command: "/cjdata/cpp/crowkv/crowtree/build-tsan/crowtree_tests" "--gtest_filter=Descent.SingleLeafRoot" "--gtest_also_run_disabled_tests"
Directory: /cjdata/cpp/crowkv/crowtree/build-tsan
"Descent.SingleLeafRoot" start time: Jun 30 01:10 CST
Output:
----------------------------------------------------------
Running main() from ./googletest/src/gtest_main.cc
Note: Google Test filter = Descent.SingleLeafRoot
[==========] Running 1 test from 1 test suite.
[----------] Global test environment set-up.
[----------] 1 test from Descent
[ RUN      ] Descent.SingleLeafRoot
[       OK ] Descent.SingleLeafRoot (9 ms)
[----------] 1 test from Descent (9 ms total)

[----------] Global test environment tear-down
[==========] 1 test from 1 test suite ran. (9 ms total)
[  PASSED  ] 1 test.
<end of output>
Test time =   0.02 sec
----------------------------------------------------------
Test Passed.
"Descent.SingleLeafRoot" end time: Jun 30 01:10 CST
"Descent.SingleLeafRoot" time elapsed: 00:00:00
----------------------------------------------------------

47/81 Testing: Descent.TwoLevelTree
47/81 Test: Descent.TwoLevelTree
Command: "/cjdata/cpp/crowkv/crowtree/build-tsan/crowtree_tests" "--gtest_filter=Descent.TwoLevelTree" "--gtest_also_run_disabled_tests"
Directory: /cjdata/cpp/crowkv/crowtree/build-tsan
"Descent.TwoLevelTree" start time: Jun 30 01:10 CST
Output:
----------------------------------------------------------
Running main() from ./googletest/src/gtest_main.cc
Note: Google Test filter = Descent.TwoLevelTree
[==========] Running 1 test from 1 test suite.
[----------] Global test environment set-up.
[----------] 1 test from Descent
[ RUN      ] Descent.TwoLevelTree
[       OK ] Descent.TwoLevelTree (9 ms)
[----------] 1 test from Descent (9 ms total)

[----------] Global test environment tear-down
[==========] 1 test from 1 test suite ran. (9 ms total)
[  PASSED  ] 1 test.
<end of output>
Test time =   0.02 sec
----------------------------------------------------------
Test Passed.
"Descent.TwoLevelTree" end time: Jun 30 01:10 CST
"Descent.TwoLevelTree" time elapsed: 00:00:00
----------------------------------------------------------

48/81 Testing: Descent.ThreeLevelTree
48/81 Test: Descent.ThreeLevelTree
Command: "/cjdata/cpp/crowkv/crowtree/build-tsan/crowtree_tests" "--gtest_filter=Descent.ThreeLevelTree" "--gtest_also_run_disabled_tests"
Directory: /cjdata/cpp/crowkv/crowtree/build-tsan
"Descent.ThreeLevelTree" start time: Jun 30 01:10 CST
Output:
----------------------------------------------------------
Running main() from ./googletest/src/gtest_main.cc
Note: Google Test filter = Descent.ThreeLevelTree
[==========] Running 1 test from 1 test suite.
[----------] Global test environment set-up.
[----------] 1 test from Descent
[ RUN      ] Descent.ThreeLevelTree
[       OK ] Descent.ThreeLevelTree (8 ms)
[----------] 1 test from Descent (8 ms total)

[----------] Global test environment tear-down
[==========] 1 test from 1 test suite ran. (8 ms total)
[  PASSED  ] 1 test.
<end of output>
Test time =   0.02 sec
----------------------------------------------------------
Test Passed.
"Descent.ThreeLevelTree" end time: Jun 30 01:10 CST
"Descent.ThreeLevelTree" time elapsed: 00:00:00
----------------------------------------------------------

49/81 Testing: Descent.EmptyRoot
49/81 Test: Descent.EmptyRoot
Command: "/cjdata/cpp/crowkv/crowtree/build-tsan/crowtree_tests" "--gtest_filter=Descent.EmptyRoot" "--gtest_also_run_disabled_tests"
Directory: /cjdata/cpp/crowkv/crowtree/build-tsan
"Descent.EmptyRoot" start time: Jun 30 01:10 CST
Output:
----------------------------------------------------------
Running main() from ./googletest/src/gtest_main.cc
Note: Google Test filter = Descent.EmptyRoot
[==========] Running 1 test from 1 test suite.
[----------] Global test environment set-up.
[----------] 1 test from Descent
[ RUN      ] Descent.EmptyRoot
[       OK ] Descent.EmptyRoot (8 ms)
[----------] 1 test from Descent (8 ms total)

[----------] Global test environment tear-down
[==========] 1 test from 1 test suite ran. (8 ms total)
[  PASSED  ] 1 test.
<end of output>
Test time =   0.02 sec
----------------------------------------------------------
Test Passed.
"Descent.EmptyRoot" end time: Jun 30 01:10 CST
"Descent.EmptyRoot" time elapsed: 00:00:00
----------------------------------------------------------

50/81 Testing: LeafPage.BuildAndFind
50/81 Test: LeafPage.BuildAndFind
Command: "/cjdata/cpp/crowkv/crowtree/build-tsan/crowtree_tests" "--gtest_filter=LeafPage.BuildAndFind" "--gtest_also_run_disabled_tests"
Directory: /cjdata/cpp/crowkv/crowtree/build-tsan
"LeafPage.BuildAndFind" start time: Jun 30 01:10 CST
Output:
----------------------------------------------------------
Running main() from ./googletest/src/gtest_main.cc
Note: Google Test filter = LeafPage.BuildAndFind
[==========] Running 1 test from 1 test suite.
[----------] Global test environment set-up.
[----------] 1 test from LeafPage
[ RUN      ] LeafPage.BuildAndFind
[       OK ] LeafPage.BuildAndFind (0 ms)
[----------] 1 test from LeafPage (0 ms total)

[----------] Global test environment tear-down
[==========] 1 test from 1 test suite ran. (0 ms total)
[  PASSED  ] 1 test.
<end of output>
Test time =   0.01 sec
----------------------------------------------------------
Test Passed.
"LeafPage.BuildAndFind" end time: Jun 30 01:10 CST
"LeafPage.BuildAndFind" time elapsed: 00:00:00
----------------------------------------------------------

51/81 Testing: LeafPage.LookupDecodesCell
51/81 Test: LeafPage.LookupDecodesCell
Command: "/cjdata/cpp/crowkv/crowtree/build-tsan/crowtree_tests" "--gtest_filter=LeafPage.LookupDecodesCell" "--gtest_also_run_disabled_tests"
Directory: /cjdata/cpp/crowkv/crowtree/build-tsan
"LeafPage.LookupDecodesCell" start time: Jun 30 01:10 CST
Output:
----------------------------------------------------------
Running main() from ./googletest/src/gtest_main.cc
Note: Google Test filter = LeafPage.LookupDecodesCell
[==========] Running 1 test from 1 test suite.
[----------] Global test environment set-up.
[----------] 1 test from LeafPage
[ RUN      ] LeafPage.LookupDecodesCell
[       OK ] LeafPage.LookupDecodesCell (0 ms)
[----------] 1 test from LeafPage (0 ms total)

[----------] Global test environment tear-down
[==========] 1 test from 1 test suite ran. (0 ms total)
[  PASSED  ] 1 test.
<end of output>
Test time =   0.01 sec
----------------------------------------------------------
Test Passed.
"LeafPage.LookupDecodesCell" end time: Jun 30 01:10 CST
"LeafPage.LookupDecodesCell" time elapsed: 00:00:00
----------------------------------------------------------

52/81 Testing: LeafPage.Tombstone
52/81 Test: LeafPage.Tombstone
Command: "/cjdata/cpp/crowkv/crowtree/build-tsan/crowtree_tests" "--gtest_filter=LeafPage.Tombstone" "--gtest_also_run_disabled_tests"
Directory: /cjdata/cpp/crowkv/crowtree/build-tsan
"LeafPage.Tombstone" start time: Jun 30 01:10 CST
Output:
----------------------------------------------------------
Running main() from ./googletest/src/gtest_main.cc
Note: Google Test filter = LeafPage.Tombstone
[==========] Running 1 test from 1 test suite.
[----------] Global test environment set-up.
[----------] 1 test from LeafPage
[ RUN      ] LeafPage.Tombstone
[       OK ] LeafPage.Tombstone (0 ms)
[----------] 1 test from LeafPage (0 ms total)

[----------] Global test environment tear-down
[==========] 1 test from 1 test suite ran. (0 ms total)
[  PASSED  ] 1 test.
<end of output>
Test time =   0.01 sec
----------------------------------------------------------
Test Passed.
"LeafPage.Tombstone" end time: Jun 30 01:10 CST
"LeafPage.Tombstone" time elapsed: 00:00:00
----------------------------------------------------------

53/81 Testing: LeafPage.OrderedIterationAndBoundaries
53/81 Test: LeafPage.OrderedIterationAndBoundaries
Command: "/cjdata/cpp/crowkv/crowtree/build-tsan/crowtree_tests" "--gtest_filter=LeafPage.OrderedIterationAndBoundaries" "--gtest_also_run_disabled_tests"
Directory: /cjdata/cpp/crowkv/crowtree/build-tsan
"LeafPage.OrderedIterationAndBoundaries" start time: Jun 30 01:10 CST
Output:
----------------------------------------------------------
Running main() from ./googletest/src/gtest_main.cc
Note: Google Test filter = LeafPage.OrderedIterationAndBoundaries
[==========] Running 1 test from 1 test suite.
[----------] Global test environment set-up.
[----------] 1 test from LeafPage
[ RUN      ] LeafPage.OrderedIterationAndBoundaries
[       OK ] LeafPage.OrderedIterationAndBoundaries (0 ms)
[----------] 1 test from LeafPage (0 ms total)

[----------] Global test environment tear-down
[==========] 1 test from 1 test suite ran. (0 ms total)
[  PASSED  ] 1 test.
<end of output>
Test time =   0.01 sec
----------------------------------------------------------
Test Passed.
"LeafPage.OrderedIterationAndBoundaries" end time: Jun 30 01:10 CST
"LeafPage.OrderedIterationAndBoundaries" time elapsed: 00:00:00
----------------------------------------------------------

54/81 Testing: LeafPage.LowerBound
54/81 Test: LeafPage.LowerBound
Command: "/cjdata/cpp/crowkv/crowtree/build-tsan/crowtree_tests" "--gtest_filter=LeafPage.LowerBound" "--gtest_also_run_disabled_tests"
Directory: /cjdata/cpp/crowkv/crowtree/build-tsan
"LeafPage.LowerBound" start time: Jun 30 01:10 CST
Output:
----------------------------------------------------------
Running main() from ./googletest/src/gtest_main.cc
Note: Google Test filter = LeafPage.LowerBound
[==========] Running 1 test from 1 test suite.
[----------] Global test environment set-up.
[----------] 1 test from LeafPage
[ RUN      ] LeafPage.LowerBound
[       OK ] LeafPage.LowerBound (0 ms)
[----------] 1 test from LeafPage (0 ms total)

[----------] Global test environment tear-down
[==========] 1 test from 1 test suite ran. (0 ms total)
[  PASSED  ] 1 test.
<end of output>
Test time =   0.01 sec
----------------------------------------------------------
Test Passed.
"LeafPage.LowerBound" end time: Jun 30 01:10 CST
"LeafPage.LowerBound" time elapsed: 00:00:00
----------------------------------------------------------

55/81 Testing: LeafPage.RightSibling
55/81 Test: LeafPage.RightSibling
Command: "/cjdata/cpp/crowkv/crowtree/build-tsan/crowtree_tests" "--gtest_filter=LeafPage.RightSibling" "--gtest_also_run_disabled_tests"
Directory: /cjdata/cpp/crowkv/crowtree/build-tsan
"LeafPage.RightSibling" start time: Jun 30 01:10 CST
Output:
----------------------------------------------------------
Running main() from ./googletest/src/gtest_main.cc
Note: Google Test filter = LeafPage.RightSibling
[==========] Running 1 test from 1 test suite.
[----------] Global test environment set-up.
[----------] 1 test from LeafPage
[ RUN      ] LeafPage.RightSibling
[       OK ] LeafPage.RightSibling (0 ms)
[----------] 1 test from LeafPage (0 ms total)

[----------] Global test environment tear-down
[==========] 1 test from 1 test suite ran. (0 ms total)
[  PASSED  ] 1 test.
<end of output>
Test time =   0.01 sec
----------------------------------------------------------
Test Passed.
"LeafPage.RightSibling" end time: Jun 30 01:10 CST
"LeafPage.RightSibling" time elapsed: 00:00:00
----------------------------------------------------------

56/81 Testing: LeafPage.BloomTrueNegativeAndFpRate
56/81 Test: LeafPage.BloomTrueNegativeAndFpRate
Command: "/cjdata/cpp/crowkv/crowtree/build-tsan/crowtree_tests" "--gtest_filter=LeafPage.BloomTrueNegativeAndFpRate" "--gtest_also_run_disabled_tests"
Directory: /cjdata/cpp/crowkv/crowtree/build-tsan
"LeafPage.BloomTrueNegativeAndFpRate" start time: Jun 30 01:10 CST
Output:
----------------------------------------------------------
Running main() from ./googletest/src/gtest_main.cc
Note: Google Test filter = LeafPage.BloomTrueNegativeAndFpRate
[==========] Running 1 test from 1 test suite.
[----------] Global test environment set-up.
[----------] 1 test from LeafPage
[ RUN      ] LeafPage.BloomTrueNegativeAndFpRate
[       OK ] LeafPage.BloomTrueNegativeAndFpRate (12 ms)
[----------] 1 test from LeafPage (12 ms total)

[----------] Global test environment tear-down
[==========] 1 test from 1 test suite ran. (12 ms total)
[  PASSED  ] 1 test.
<end of output>
Test time =   0.03 sec
----------------------------------------------------------
Test Passed.
"LeafPage.BloomTrueNegativeAndFpRate" end time: Jun 30 01:10 CST
"LeafPage.BloomTrueNegativeAndFpRate" time elapsed: 00:00:00
----------------------------------------------------------

57/81 Testing: LeafPage.DataBytesNonZero
57/81 Test: LeafPage.DataBytesNonZero
Command: "/cjdata/cpp/crowkv/crowtree/build-tsan/crowtree_tests" "--gtest_filter=LeafPage.DataBytesNonZero" "--gtest_also_run_disabled_tests"
Directory: /cjdata/cpp/crowkv/crowtree/build-tsan
"LeafPage.DataBytesNonZero" start time: Jun 30 01:10 CST
Output:
----------------------------------------------------------
Running main() from ./googletest/src/gtest_main.cc
Note: Google Test filter = LeafPage.DataBytesNonZero
[==========] Running 1 test from 1 test suite.
[----------] Global test environment set-up.
[----------] 1 test from LeafPage
[ RUN      ] LeafPage.DataBytesNonZero
[       OK ] LeafPage.DataBytesNonZero (0 ms)
[----------] 1 test from LeafPage (0 ms total)

[----------] Global test environment tear-down
[==========] 1 test from 1 test suite ran. (0 ms total)
[  PASSED  ] 1 test.
<end of output>
Test time =   0.01 sec
----------------------------------------------------------
Test Passed.
"LeafPage.DataBytesNonZero" end time: Jun 30 01:10 CST
"LeafPage.DataBytesNonZero" time elapsed: 00:00:00
----------------------------------------------------------

58/81 Testing: MappingTable.AllocStoreGet
58/81 Test: MappingTable.AllocStoreGet
Command: "/cjdata/cpp/crowkv/crowtree/build-tsan/crowtree_tests" "--gtest_filter=MappingTable.AllocStoreGet" "--gtest_also_run_disabled_tests"
Directory: /cjdata/cpp/crowkv/crowtree/build-tsan
"MappingTable.AllocStoreGet" start time: Jun 30 01:10 CST
Output:
----------------------------------------------------------
Running main() from ./googletest/src/gtest_main.cc
Note: Google Test filter = MappingTable.AllocStoreGet
[==========] Running 1 test from 1 test suite.
[----------] Global test environment set-up.
[----------] 1 test from MappingTable
[ RUN      ] MappingTable.AllocStoreGet
[       OK ] MappingTable.AllocStoreGet (8 ms)
[----------] 1 test from MappingTable (8 ms total)

[----------] Global test environment tear-down
[==========] 1 test from 1 test suite ran. (8 ms total)
[  PASSED  ] 1 test.
<end of output>
Test time =   0.02 sec
----------------------------------------------------------
Test Passed.
"MappingTable.AllocStoreGet" end time: Jun 30 01:10 CST
"MappingTable.AllocStoreGet" time elapsed: 00:00:00
----------------------------------------------------------

59/81 Testing: MappingTable.InvalidPid
59/81 Test: MappingTable.InvalidPid
Command: "/cjdata/cpp/crowkv/crowtree/build-tsan/crowtree_tests" "--gtest_filter=MappingTable.InvalidPid" "--gtest_also_run_disabled_tests"
Directory: /cjdata/cpp/crowkv/crowtree/build-tsan
"MappingTable.InvalidPid" start time: Jun 30 01:10 CST
Output:
----------------------------------------------------------
Running main() from ./googletest/src/gtest_main.cc
Note: Google Test filter = MappingTable.InvalidPid
[==========] Running 1 test from 1 test suite.
[----------] Global test environment set-up.
[----------] 1 test from MappingTable
[ RUN      ] MappingTable.InvalidPid
[       OK ] MappingTable.InvalidPid (8 ms)
[----------] 1 test from MappingTable (8 ms total)

[----------] Global test environment tear-down
[==========] 1 test from 1 test suite ran. (8 ms total)
[  PASSED  ] 1 test.
<end of output>
Test time =   0.02 sec
----------------------------------------------------------
Test Passed.
"MappingTable.InvalidPid" end time: Jun 30 01:10 CST
"MappingTable.InvalidPid" time elapsed: 00:00:00
----------------------------------------------------------

60/81 Testing: MappingTable.FreeAndRecycle
60/81 Test: MappingTable.FreeAndRecycle
Command: "/cjdata/cpp/crowkv/crowtree/build-tsan/crowtree_tests" "--gtest_filter=MappingTable.FreeAndRecycle" "--gtest_also_run_disabled_tests"
Directory: /cjdata/cpp/crowkv/crowtree/build-tsan
"MappingTable.FreeAndRecycle" start time: Jun 30 01:10 CST
Output:
----------------------------------------------------------
Running main() from ./googletest/src/gtest_main.cc
Note: Google Test filter = MappingTable.FreeAndRecycle
[==========] Running 1 test from 1 test suite.
[----------] Global test environment set-up.
[----------] 1 test from MappingTable
[ RUN      ] MappingTable.FreeAndRecycle
[       OK ] MappingTable.FreeAndRecycle (8 ms)
[----------] 1 test from MappingTable (8 ms total)

[----------] Global test environment tear-down
[==========] 1 test from 1 test suite ran. (8 ms total)
[  PASSED  ] 1 test.
<end of output>
Test time =   0.02 sec
----------------------------------------------------------
Test Passed.
"MappingTable.FreeAndRecycle" end time: Jun 30 01:10 CST
"MappingTable.FreeAndRecycle" time elapsed: 00:00:00
----------------------------------------------------------

61/81 Testing: MappingTable.SegmentGrowth
61/81 Test: MappingTable.SegmentGrowth
Command: "/cjdata/cpp/crowkv/crowtree/build-tsan/crowtree_tests" "--gtest_filter=MappingTable.SegmentGrowth" "--gtest_also_run_disabled_tests"
Directory: /cjdata/cpp/crowkv/crowtree/build-tsan
"MappingTable.SegmentGrowth" start time: Jun 30 01:10 CST
Output:
----------------------------------------------------------
Running main() from ./googletest/src/gtest_main.cc
Note: Google Test filter = MappingTable.SegmentGrowth
[==========] Running 1 test from 1 test suite.
[----------] Global test environment set-up.
[----------] 1 test from MappingTable
[ RUN      ] MappingTable.SegmentGrowth
[       OK ] MappingTable.SegmentGrowth (14 ms)
[----------] 1 test from MappingTable (14 ms total)

[----------] Global test environment tear-down
[==========] 1 test from 1 test suite ran. (14 ms total)
[  PASSED  ] 1 test.
<end of output>
Test time =   0.03 sec
----------------------------------------------------------
Test Passed.
"MappingTable.SegmentGrowth" end time: Jun 30 01:10 CST
"MappingTable.SegmentGrowth" time elapsed: 00:00:00
----------------------------------------------------------

62/81 Testing: MappingTable.ConcurrentReadersSingleWriter
62/81 Test: MappingTable.ConcurrentReadersSingleWriter
Command: "/cjdata/cpp/crowkv/crowtree/build-tsan/crowtree_tests" "--gtest_filter=MappingTable.ConcurrentReadersSingleWriter" "--gtest_also_run_disabled_tests"
Directory: /cjdata/cpp/crowkv/crowtree/build-tsan
"MappingTable.ConcurrentReadersSingleWriter" start time: Jun 30 01:10 CST
Output:
----------------------------------------------------------
Running main() from ./googletest/src/gtest_main.cc
Note: Google Test filter = MappingTable.ConcurrentReadersSingleWriter
[==========] Running 1 test from 1 test suite.
[----------] Global test environment set-up.
[----------] 1 test from MappingTable
[ RUN      ] MappingTable.ConcurrentReadersSingleWriter
[       OK ] MappingTable.ConcurrentReadersSingleWriter (12 ms)
[----------] 1 test from MappingTable (12 ms total)

[----------] Global test environment tear-down
[==========] 1 test from 1 test suite ran. (12 ms total)
[  PASSED  ] 1 test.
<end of output>
Test time =   0.03 sec
----------------------------------------------------------
Test Passed.
"MappingTable.ConcurrentReadersSingleWriter" end time: Jun 30 01:10 CST
"MappingTable.ConcurrentReadersSingleWriter" time elapsed: 00:00:00
----------------------------------------------------------

63/81 Testing: MemTable.HighestSlotWins
63/81 Test: MemTable.HighestSlotWins
Command: "/cjdata/cpp/crowkv/crowtree/build-tsan/crowtree_tests" "--gtest_filter=MemTable.HighestSlotWins" "--gtest_also_run_disabled_tests"
Directory: /cjdata/cpp/crowkv/crowtree/build-tsan
"MemTable.HighestSlotWins" start time: Jun 30 01:10 CST
Output:
----------------------------------------------------------
Running main() from ./googletest/src/gtest_main.cc
Note: Google Test filter = MemTable.HighestSlotWins
[==========] Running 1 test from 1 test suite.
[----------] Global test environment set-up.
[----------] 1 test from MemTable
[ RUN      ] MemTable.HighestSlotWins
[       OK ] MemTable.HighestSlotWins (0 ms)
[----------] 1 test from MemTable (0 ms total)

[----------] Global test environment tear-down
[==========] 1 test from 1 test suite ran. (0 ms total)
[  PASSED  ] 1 test.
<end of output>
Test time =   0.01 sec
----------------------------------------------------------
Test Passed.
"MemTable.HighestSlotWins" end time: Jun 30 01:10 CST
"MemTable.HighestSlotWins" time elapsed: 00:00:00
----------------------------------------------------------

64/81 Testing: MemTable.DurableFloorDrops
64/81 Test: MemTable.DurableFloorDrops
Command: "/cjdata/cpp/crowkv/crowtree/build-tsan/crowtree_tests" "--gtest_filter=MemTable.DurableFloorDrops" "--gtest_also_run_disabled_tests"
Directory: /cjdata/cpp/crowkv/crowtree/build-tsan
"MemTable.DurableFloorDrops" start time: Jun 30 01:10 CST
Output:
----------------------------------------------------------
Running main() from ./googletest/src/gtest_main.cc
Note: Google Test filter = MemTable.DurableFloorDrops
[==========] Running 1 test from 1 test suite.
[----------] Global test environment set-up.
[----------] 1 test from MemTable
[ RUN      ] MemTable.DurableFloorDrops
[       OK ] MemTable.DurableFloorDrops (0 ms)
[----------] 1 test from MemTable (0 ms total)

[----------] Global test environment tear-down
[==========] 1 test from 1 test suite ran. (0 ms total)
[  PASSED  ] 1 test.
<end of output>
Test time =   0.01 sec
----------------------------------------------------------
Test Passed.
"MemTable.DurableFloorDrops" end time: Jun 30 01:10 CST
"MemTable.DurableFloorDrops" time elapsed: 00:00:00
----------------------------------------------------------

65/81 Testing: MemTable.DrainUpToPrefix
65/81 Test: MemTable.DrainUpToPrefix
Command: "/cjdata/cpp/crowkv/crowtree/build-tsan/crowtree_tests" "--gtest_filter=MemTable.DrainUpToPrefix" "--gtest_also_run_disabled_tests"
Directory: /cjdata/cpp/crowkv/crowtree/build-tsan
"MemTable.DrainUpToPrefix" start time: Jun 30 01:10 CST
Output:
----------------------------------------------------------
Running main() from ./googletest/src/gtest_main.cc
Note: Google Test filter = MemTable.DrainUpToPrefix
[==========] Running 1 test from 1 test suite.
[----------] Global test environment set-up.
[----------] 1 test from MemTable
[ RUN      ] MemTable.DrainUpToPrefix
[       OK ] MemTable.DrainUpToPrefix (0 ms)
[----------] 1 test from MemTable (0 ms total)

[----------] Global test environment tear-down
[==========] 1 test from 1 test suite ran. (0 ms total)
[  PASSED  ] 1 test.
<end of output>
Test time =   0.01 sec
----------------------------------------------------------
Test Passed.
"MemTable.DrainUpToPrefix" end time: Jun 30 01:10 CST
"MemTable.DrainUpToPrefix" time elapsed: 00:00:00
----------------------------------------------------------

66/81 Testing: MemTable.SnapshotOrdered
66/81 Test: MemTable.SnapshotOrdered
Command: "/cjdata/cpp/crowkv/crowtree/build-tsan/crowtree_tests" "--gtest_filter=MemTable.SnapshotOrdered" "--gtest_also_run_disabled_tests"
Directory: /cjdata/cpp/crowkv/crowtree/build-tsan
"MemTable.SnapshotOrdered" start time: Jun 30 01:10 CST
Output:
----------------------------------------------------------
Running main() from ./googletest/src/gtest_main.cc
Note: Google Test filter = MemTable.SnapshotOrdered
[==========] Running 1 test from 1 test suite.
[----------] Global test environment set-up.
[----------] 1 test from MemTable
[ RUN      ] MemTable.SnapshotOrdered
[       OK ] MemTable.SnapshotOrdered (0 ms)
[----------] 1 test from MemTable (0 ms total)

[----------] Global test environment tear-down
[==========] 1 test from 1 test suite ran. (0 ms total)
[  PASSED  ] 1 test.
<end of output>
Test time =   0.01 sec
----------------------------------------------------------
Test Passed.
"MemTable.SnapshotOrdered" end time: Jun 30 01:10 CST
"MemTable.SnapshotOrdered" time elapsed: 00:00:00
----------------------------------------------------------

67/81 Testing: MemTable.BytesAccounting
67/81 Test: MemTable.BytesAccounting
Command: "/cjdata/cpp/crowkv/crowtree/build-tsan/crowtree_tests" "--gtest_filter=MemTable.BytesAccounting" "--gtest_also_run_disabled_tests"
Directory: /cjdata/cpp/crowkv/crowtree/build-tsan
"MemTable.BytesAccounting" start time: Jun 30 01:10 CST
Output:
----------------------------------------------------------
Running main() from ./googletest/src/gtest_main.cc
Note: Google Test filter = MemTable.BytesAccounting
[==========] Running 1 test from 1 test suite.
[----------] Global test environment set-up.
[----------] 1 test from MemTable
[ RUN      ] MemTable.BytesAccounting
[       OK ] MemTable.BytesAccounting (0 ms)
[----------] 1 test from MemTable (0 ms total)

[----------] Global test environment tear-down
[==========] 1 test from 1 test suite ran. (0 ms total)
[  PASSED  ] 1 test.
<end of output>
Test time =   0.01 sec
----------------------------------------------------------
Test Passed.
"MemTable.BytesAccounting" end time: Jun 30 01:10 CST
"MemTable.BytesAccounting" time elapsed: 00:00:00
----------------------------------------------------------

68/81 Testing: MemTable.HotKeyCollapse
68/81 Test: MemTable.HotKeyCollapse
Command: "/cjdata/cpp/crowkv/crowtree/build-tsan/crowtree_tests" "--gtest_filter=MemTable.HotKeyCollapse" "--gtest_also_run_disabled_tests"
Directory: /cjdata/cpp/crowkv/crowtree/build-tsan
"MemTable.HotKeyCollapse" start time: Jun 30 01:10 CST
Output:
----------------------------------------------------------
Running main() from ./googletest/src/gtest_main.cc
Note: Google Test filter = MemTable.HotKeyCollapse
[==========] Running 1 test from 1 test suite.
[----------] Global test environment set-up.
[----------] 1 test from MemTable
[ RUN      ] MemTable.HotKeyCollapse
[       OK ] MemTable.HotKeyCollapse (3 ms)
[----------] 1 test from MemTable (3 ms total)

[----------] Global test environment tear-down
[==========] 1 test from 1 test suite ran. (4 ms total)
[  PASSED  ] 1 test.
<end of output>
Test time =   0.02 sec
----------------------------------------------------------
Test Passed.
"MemTable.HotKeyCollapse" end time: Jun 30 01:10 CST
"MemTable.HotKeyCollapse" time elapsed: 00:00:00
----------------------------------------------------------

69/81 Testing: MemTable.Tombstone
69/81 Test: MemTable.Tombstone
Command: "/cjdata/cpp/crowkv/crowtree/build-tsan/crowtree_tests" "--gtest_filter=MemTable.Tombstone" "--gtest_also_run_disabled_tests"
Directory: /cjdata/cpp/crowkv/crowtree/build-tsan
"MemTable.Tombstone" start time: Jun 30 01:10 CST
Output:
----------------------------------------------------------
Running main() from ./googletest/src/gtest_main.cc
Note: Google Test filter = MemTable.Tombstone
[==========] Running 1 test from 1 test suite.
[----------] Global test environment set-up.
[----------] 1 test from MemTable
[ RUN      ] MemTable.Tombstone
[       OK ] MemTable.Tombstone (0 ms)
[----------] 1 test from MemTable (0 ms total)

[----------] Global test environment tear-down
[==========] 1 test from 1 test suite ran. (0 ms total)
[  PASSED  ] 1 test.
<end of output>
Test time =   0.01 sec
----------------------------------------------------------
Test Passed.
"MemTable.Tombstone" end time: Jun 30 01:10 CST
"MemTable.Tombstone" time elapsed: 00:00:00
----------------------------------------------------------

70/81 Testing: MemTable.ConcurrentUpsertAndGet
70/81 Test: MemTable.ConcurrentUpsertAndGet
Command: "/cjdata/cpp/crowkv/crowtree/build-tsan/crowtree_tests" "--gtest_filter=MemTable.ConcurrentUpsertAndGet" "--gtest_also_run_disabled_tests"
Directory: /cjdata/cpp/crowkv/crowtree/build-tsan
"MemTable.ConcurrentUpsertAndGet" start time: Jun 30 01:10 CST
Output:
----------------------------------------------------------
Running main() from ./googletest/src/gtest_main.cc
Note: Google Test filter = MemTable.ConcurrentUpsertAndGet
[==========] Running 1 test from 1 test suite.
[----------] Global test environment set-up.
[----------] 1 test from MemTable
[ RUN      ] MemTable.ConcurrentUpsertAndGet
[       OK ] MemTable.ConcurrentUpsertAndGet (58 ms)
[----------] 1 test from MemTable (58 ms total)

[----------] Global test environment tear-down
[==========] 1 test from 1 test suite ran. (58 ms total)
[  PASSED  ] 1 test.
<end of output>
Test time =   0.07 sec
----------------------------------------------------------
Test Passed.
"MemTable.ConcurrentUpsertAndGet" end time: Jun 30 01:10 CST
"MemTable.ConcurrentUpsertAndGet" time elapsed: 00:00:00
----------------------------------------------------------

71/81 Testing: Slice.BasicAndCompare
71/81 Test: Slice.BasicAndCompare
Command: "/cjdata/cpp/crowkv/crowtree/build-tsan/crowtree_tests" "--gtest_filter=Slice.BasicAndCompare" "--gtest_also_run_disabled_tests"
Directory: /cjdata/cpp/crowkv/crowtree/build-tsan
"Slice.BasicAndCompare" start time: Jun 30 01:10 CST
Output:
----------------------------------------------------------
Running main() from ./googletest/src/gtest_main.cc
Note: Google Test filter = Slice.BasicAndCompare
[==========] Running 1 test from 1 test suite.
[----------] Global test environment set-up.
[----------] 1 test from Slice
[ RUN      ] Slice.BasicAndCompare
[       OK ] Slice.BasicAndCompare (0 ms)
[----------] 1 test from Slice (0 ms total)

[----------] Global test environment tear-down
[==========] 1 test from 1 test suite ran. (0 ms total)
[  PASSED  ] 1 test.
<end of output>
Test time =   0.01 sec
----------------------------------------------------------
Test Passed.
"Slice.BasicAndCompare" end time: Jun 30 01:10 CST
"Slice.BasicAndCompare" time elapsed: 00:00:00
----------------------------------------------------------

72/81 Testing: Slice.EmptyAndBinary
72/81 Test: Slice.EmptyAndBinary
Command: "/cjdata/cpp/crowkv/crowtree/build-tsan/crowtree_tests" "--gtest_filter=Slice.EmptyAndBinary" "--gtest_also_run_disabled_tests"
Directory: /cjdata/cpp/crowkv/crowtree/build-tsan
"Slice.EmptyAndBinary" start time: Jun 30 01:10 CST
Output:
----------------------------------------------------------
Running main() from ./googletest/src/gtest_main.cc
Note: Google Test filter = Slice.EmptyAndBinary
[==========] Running 1 test from 1 test suite.
[----------] Global test environment set-up.
[----------] 1 test from Slice
[ RUN      ] Slice.EmptyAndBinary
[       OK ] Slice.EmptyAndBinary (0 ms)
[----------] 1 test from Slice (0 ms total)

[----------] Global test environment tear-down
[==========] 1 test from 1 test suite ran. (0 ms total)
[  PASSED  ] 1 test.
<end of output>
Test time =   0.01 sec
----------------------------------------------------------
Test Passed.
"Slice.EmptyAndBinary" end time: Jun 30 01:10 CST
"Slice.EmptyAndBinary" time elapsed: 00:00:00
----------------------------------------------------------

73/81 Testing: Status.Codes
73/81 Test: Status.Codes
Command: "/cjdata/cpp/crowkv/crowtree/build-tsan/crowtree_tests" "--gtest_filter=Status.Codes" "--gtest_also_run_disabled_tests"
Directory: /cjdata/cpp/crowkv/crowtree/build-tsan
"Status.Codes" start time: Jun 30 01:10 CST
Output:
----------------------------------------------------------
Running main() from ./googletest/src/gtest_main.cc
Note: Google Test filter = Status.Codes
[==========] Running 1 test from 1 test suite.
[----------] Global test environment set-up.
[----------] 1 test from Status
[ RUN      ] Status.Codes
[       OK ] Status.Codes (0 ms)
[----------] 1 test from Status (0 ms total)

[----------] Global test environment tear-down
[==========] 1 test from 1 test suite ran. (0 ms total)
[  PASSED  ] 1 test.
<end of output>
Test time =   0.01 sec
----------------------------------------------------------
Test Passed.
"Status.Codes" end time: Jun 30 01:10 CST
"Status.Codes" time elapsed: 00:00:00
----------------------------------------------------------

74/81 Testing: Options.Defaults
74/81 Test: Options.Defaults
Command: "/cjdata/cpp/crowkv/crowtree/build-tsan/crowtree_tests" "--gtest_filter=Options.Defaults" "--gtest_also_run_disabled_tests"
Directory: /cjdata/cpp/crowkv/crowtree/build-tsan
"Options.Defaults" start time: Jun 30 01:10 CST
Output:
----------------------------------------------------------
Running main() from ./googletest/src/gtest_main.cc
Note: Google Test filter = Options.Defaults
[==========] Running 1 test from 1 test suite.
[----------] Global test environment set-up.
[----------] 1 test from Options
[ RUN      ] Options.Defaults
[       OK ] Options.Defaults (0 ms)
[----------] 1 test from Options (0 ms total)

[----------] Global test environment tear-down
[==========] 1 test from 1 test suite ran. (0 ms total)
[  PASSED  ] 1 test.
<end of output>
Test time =   0.01 sec
----------------------------------------------------------
Test Passed.
"Options.Defaults" end time: Jun 30 01:10 CST
"Options.Defaults" time elapsed: 00:00:00
----------------------------------------------------------

75/81 Testing: Env.DefaultSingleton
75/81 Test: Env.DefaultSingleton
Command: "/cjdata/cpp/crowkv/crowtree/build-tsan/crowtree_tests" "--gtest_filter=Env.DefaultSingleton" "--gtest_also_run_disabled_tests"
Directory: /cjdata/cpp/crowkv/crowtree/build-tsan
"Env.DefaultSingleton" start time: Jun 30 01:10 CST
Output:
----------------------------------------------------------
Running main() from ./googletest/src/gtest_main.cc
Note: Google Test filter = Env.DefaultSingleton
[==========] Running 1 test from 1 test suite.
[----------] Global test environment set-up.
[----------] 1 test from Env
[ RUN      ] Env.DefaultSingleton
[       OK ] Env.DefaultSingleton (0 ms)
[----------] 1 test from Env (0 ms total)

[----------] Global test environment tear-down
[==========] 1 test from 1 test suite ran. (0 ms total)
[  PASSED  ] 1 test.
<end of output>
Test time =   0.01 sec
----------------------------------------------------------
Test Passed.
"Env.DefaultSingleton" end time: Jun 30 01:10 CST
"Env.DefaultSingleton" time elapsed: 00:00:00
----------------------------------------------------------

76/81 Testing: Version.FlushBumpsVersionAndTagsSlot
76/81 Test: Version.FlushBumpsVersionAndTagsSlot
Command: "/cjdata/cpp/crowkv/crowtree/build-tsan/crowtree_tests" "--gtest_filter=Version.FlushBumpsVersionAndTagsSlot" "--gtest_also_run_disabled_tests"
Directory: /cjdata/cpp/crowkv/crowtree/build-tsan
"Version.FlushBumpsVersionAndTagsSlot" start time: Jun 30 01:10 CST
Output:
----------------------------------------------------------
Running main() from ./googletest/src/gtest_main.cc
Note: Google Test filter = Version.FlushBumpsVersionAndTagsSlot
[==========] Running 1 test from 1 test suite.
[----------] Global test environment set-up.
[----------] 1 test from Version
[ RUN      ] Version.FlushBumpsVersionAndTagsSlot
[       OK ] Version.FlushBumpsVersionAndTagsSlot (8 ms)
[----------] 1 test from Version (8 ms total)

[----------] Global test environment tear-down
[==========] 1 test from 1 test suite ran. (8 ms total)
[  PASSED  ] 1 test.
<end of output>
Test time =   0.02 sec
----------------------------------------------------------
Test Passed.
"Version.FlushBumpsVersionAndTagsSlot" end time: Jun 30 01:10 CST
"Version.FlushBumpsVersionAndTagsSlot" time elapsed: 00:00:00
----------------------------------------------------------

77/81 Testing: Version.SnapshotTagEqualsFlushedSlot
77/81 Test: Version.SnapshotTagEqualsFlushedSlot
Command: "/cjdata/cpp/crowkv/crowtree/build-tsan/crowtree_tests" "--gtest_filter=Version.SnapshotTagEqualsFlushedSlot" "--gtest_also_run_disabled_tests"
Directory: /cjdata/cpp/crowkv/crowtree/build-tsan
"Version.SnapshotTagEqualsFlushedSlot" start time: Jun 30 01:10 CST
Output:
----------------------------------------------------------
Running main() from ./googletest/src/gtest_main.cc
Note: Google Test filter = Version.SnapshotTagEqualsFlushedSlot
[==========] Running 1 test from 1 test suite.
[----------] Global test environment set-up.
[----------] 1 test from Version
[ RUN      ] Version.SnapshotTagEqualsFlushedSlot
[       OK ] Version.SnapshotTagEqualsFlushedSlot (9 ms)
[----------] 1 test from Version (9 ms total)

[----------] Global test environment tear-down
[==========] 1 test from 1 test suite ran. (9 ms total)
[  PASSED  ] 1 test.
<end of output>
Test time =   0.02 sec
----------------------------------------------------------
Test Passed.
"Version.SnapshotTagEqualsFlushedSlot" end time: Jun 30 01:10 CST
"Version.SnapshotTagEqualsFlushedSlot" time elapsed: 00:00:00
----------------------------------------------------------

78/81 Testing: Version.SnapshotIsStableWhileWriterChurns
78/81 Test: Version.SnapshotIsStableWhileWriterChurns
Command: "/cjdata/cpp/crowkv/crowtree/build-tsan/crowtree_tests" "--gtest_filter=Version.SnapshotIsStableWhileWriterChurns" "--gtest_also_run_disabled_tests"
Directory: /cjdata/cpp/crowkv/crowtree/build-tsan
"Version.SnapshotIsStableWhileWriterChurns" start time: Jun 30 01:10 CST
Output:
----------------------------------------------------------
Running main() from ./googletest/src/gtest_main.cc
Note: Google Test filter = Version.SnapshotIsStableWhileWriterChurns
[==========] Running 1 test from 1 test suite.
[----------] Global test environment set-up.
[----------] 1 test from Version
[ RUN      ] Version.SnapshotIsStableWhileWriterChurns
[       OK ] Version.SnapshotIsStableWhileWriterChurns (10 ms)
[----------] 1 test from Version (10 ms total)

[----------] Global test environment tear-down
[==========] 1 test from 1 test suite ran. (10 ms total)
[  PASSED  ] 1 test.
<end of output>
Test time =   0.02 sec
----------------------------------------------------------
Test Passed.
"Version.SnapshotIsStableWhileWriterChurns" end time: Jun 30 01:10 CST
"Version.SnapshotIsStableWhileWriterChurns" time elapsed: 00:00:00
----------------------------------------------------------

79/81 Testing: Version.SnapshotIncludesTombstonesButGetSkips
79/81 Test: Version.SnapshotIncludesTombstonesButGetSkips
Command: "/cjdata/cpp/crowkv/crowtree/build-tsan/crowtree_tests" "--gtest_filter=Version.SnapshotIncludesTombstonesButGetSkips" "--gtest_also_run_disabled_tests"
Directory: /cjdata/cpp/crowkv/crowtree/build-tsan
"Version.SnapshotIncludesTombstonesButGetSkips" start time: Jun 30 01:10 CST
Output:
----------------------------------------------------------
Running main() from ./googletest/src/gtest_main.cc
Note: Google Test filter = Version.SnapshotIncludesTombstonesButGetSkips
[==========] Running 1 test from 1 test suite.
[----------] Global test environment set-up.
[----------] 1 test from Version
[ RUN      ] Version.SnapshotIncludesTombstonesButGetSkips
[       OK ] Version.SnapshotIncludesTombstonesButGetSkips (9 ms)
[----------] 1 test from Version (9 ms total)

[----------] Global test environment tear-down
[==========] 1 test from 1 test suite ran. (9 ms total)
[  PASSED  ] 1 test.
<end of output>
Test time =   0.02 sec
----------------------------------------------------------
Test Passed.
"Version.SnapshotIncludesTombstonesButGetSkips" end time: Jun 30 01:10 CST
"Version.SnapshotIncludesTombstonesButGetSkips" time elapsed: 00:00:00
----------------------------------------------------------

80/81 Testing: Version.CompareDetectsDiffs
80/81 Test: Version.CompareDetectsDiffs
Command: "/cjdata/cpp/crowkv/crowtree/build-tsan/crowtree_tests" "--gtest_filter=Version.CompareDetectsDiffs" "--gtest_also_run_disabled_tests"
Directory: /cjdata/cpp/crowkv/crowtree/build-tsan
"Version.CompareDetectsDiffs" start time: Jun 30 01:10 CST
Output:
----------------------------------------------------------
Running main() from ./googletest/src/gtest_main.cc
Note: Google Test filter = Version.CompareDetectsDiffs
[==========] Running 1 test from 1 test suite.
[----------] Global test environment set-up.
[----------] 1 test from Version
[ RUN      ] Version.CompareDetectsDiffs
[       OK ] Version.CompareDetectsDiffs (9 ms)
[----------] 1 test from Version (9 ms total)

[----------] Global test environment tear-down
[==========] 1 test from 1 test suite ran. (9 ms total)
[  PASSED  ] 1 test.
<end of output>
Test time =   0.02 sec
----------------------------------------------------------
Test Passed.
"Version.CompareDetectsDiffs" end time: Jun 30 01:10 CST
"Version.CompareDetectsDiffs" time elapsed: 00:00:00
----------------------------------------------------------

81/81 Testing: Version.RefcountLifecycle
81/81 Test: Version.RefcountLifecycle
Command: "/cjdata/cpp/crowkv/crowtree/build-tsan/crowtree_tests" "--gtest_filter=Version.RefcountLifecycle" "--gtest_also_run_disabled_tests"
Directory: /cjdata/cpp/crowkv/crowtree/build-tsan
"Version.RefcountLifecycle" start time: Jun 30 01:10 CST
Output:
----------------------------------------------------------
Running main() from ./googletest/src/gtest_main.cc
Note: Google Test filter = Version.RefcountLifecycle
[==========] Running 1 test from 1 test suite.
[----------] Global test environment set-up.
[----------] 1 test from Version
[ RUN      ] Version.RefcountLifecycle
[       OK ] Version.RefcountLifecycle (9 ms)
[----------] 1 test from Version (9 ms total)

[----------] Global test environment tear-down
[==========] 1 test from 1 test suite ran. (9 ms total)
[  PASSED  ] 1 test.
<end of output>
Test time =   0.02 sec
----------------------------------------------------------
Test Passed.
"Version.RefcountLifecycle" end time: Jun 30 01:10 CST
"Version.RefcountLifecycle" time elapsed: 00:00:00
----------------------------------------------------------

End testing: Jun 30 01:10 CST
